---------------------------------------------------------------
[ 2018-01-07T00:00:30+08:00 ] 127.0.0.1 127.0.0.1 GET /index.php/admin/index/index.html
[ info ] test.vct.com/index.php/admin/index/index.html [运行时间：0.021001s][吞吐率：47.62req/s] [内存消耗：1,405.08kb] [文件加载：50]
[ info ] [ LANG ] E:\www\ajiance_vct\think\lang\zh-cn.php
[ info ] [ ROUTE ] array (
  'type' => 'module',
  'module' => 
  array (
    0 => 'admin',
    1 => 'index',
    2 => 'index',
  ),
)
[ info ] [ HEADER ] array (
  'cookie' => 'skin=0; PHPSESSID=7pcilc0h1ju4pa5lq6q47qbjp1',
  'accept-language' => 'zh-CN,zh;q=0.8,en;q=0.6',
  'accept-encoding' => 'gzip, deflate, sdch',
  'accept' => 'text/html,application/xhtml+xml,application/xml;q=0.9,image/webp,*/*;q=0.8',
  'user-agent' => 'Mozilla/5.0 (Windows NT 6.1; WOW64) AppleWebKit/537.36 (KHTML, like Gecko) Chrome/55.0.2883.87 Safari/537.36',
  'upgrade-insecure-requests' => '1',
  'cache-control' => 'max-age=0',
  'connection' => 'close',
  'host' => 'test.vct.com',
)
[ info ] [ PARAM ] array (
)
[ info ] [ LANG ] E:\www\ajiance_vct/app/admin\lang\zh-cn.php
[ info ] [ SESSION ] INIT array (
  'id' => '',
  'var_session_id' => '',
  'prefix' => 'think',
  'type' => '',
  'auto_start' => true,
)
[ info ] [ RUN ] app\admin\controller\Index->index[ E:\www\ajiance_vct\app\admin\controller\Index.php ]
[ info ] [ CACHE ] INIT File
[ info ] [ VIEW ] E:\www\ajiance_vct/app/admin\view\index\index.html [ array (
  0 => 'menus',
) ]
[ info ] [ LOG ] INIT File
---------------------------------------------------------------
[ 2018-01-07T00:00:31+08:00 ] 127.0.0.1 127.0.0.1 GET /index.php/admin/index/main.html
[ info ] test.vct.com/index.php/admin/index/main.html [运行时间：0.206012s][吞吐率：4.85req/s] [内存消耗：1,454.30kb] [文件加载：50]
[ info ] [ LANG ] E:\www\ajiance_vct\think\lang\zh-cn.php
[ info ] [ ROUTE ] array (
  'type' => 'module',
  'module' => 
  array (
    0 => 'admin',
    1 => 'index',
    2 => 'main',
  ),
)
[ info ] [ HEADER ] array (
  'cookie' => 'skin=0; PHPSESSID=7pcilc0h1ju4pa5lq6q47qbjp1',
  'accept-language' => 'zh-CN,zh;q=0.8,en;q=0.6',
  'accept-encoding' => 'gzip, deflate, sdch',
  'referer' => 'http://test.vct.com/index.php/admin/index/index.html',
  'accept' => 'text/html,application/xhtml+xml,application/xml;q=0.9,image/webp,*/*;q=0.8',
  'user-agent' => 'Mozilla/5.0 (Windows NT 6.1; WOW64) AppleWebKit/537.36 (KHTML, like Gecko) Chrome/55.0.2883.87 Safari/537.36',
  'upgrade-insecure-requests' => '1',
  'connection' => 'close',
  'host' => 'test.vct.com',
)
[ info ] [ PARAM ] array (
)
[ info ] [ LANG ] E:\www\ajiance_vct/app/admin\lang\zh-cn.php
[ info ] [ SESSION ] INIT array (
  'id' => '',
  'var_session_id' => '',
  'prefix' => 'think',
  'type' => '',
  'auto_start' => true,
)
[ info ] [ RUN ] app\admin\controller\Index->main[ E:\www\ajiance_vct\app\admin\controller\Index.php ]
[ info ] [ DB ] INIT mysql
[ info ] [ VIEW ] E:\www\ajiance_vct/app/admin\view\index\main.html [ array (
  0 => 'config',
) ]
[ info ] [ LOG ] INIT File
[ sql ] [ DB ] CONNECT:[ UseTime:0.113006s ] mysql:dbname=qingcai_vct;host=123.56.90.223;port=3306;charset=utf8
[ sql ] [ SQL ] SELECT VERSION() AS ver [ RunTime:0.075005s ]
---------------------------------------------------------------
[ 2018-01-07T00:00:34+08:00 ] 127.0.0.1 127.0.0.1 GET /index.php/admin/Vct/index.html
[ info ] test.vct.com/index.php/admin/Vct/index.html [运行时间：0.017001s][吞吐率：58.82req/s] [内存消耗：1,329.63kb] [文件加载：47]
[ info ] [ LANG ] E:\www\ajiance_vct\think\lang\zh-cn.php
[ info ] [ ROUTE ] array (
  'type' => 'module',
  'module' => 
  array (
    0 => 'admin',
    1 => 'Vct',
    2 => 'index',
  ),
)
[ info ] [ HEADER ] array (
  'cookie' => 'skin=0; PHPSESSID=7pcilc0h1ju4pa5lq6q47qbjp1',
  'accept-language' => 'zh-CN,zh;q=0.8,en;q=0.6',
  'accept-encoding' => 'gzip, deflate, sdch',
  'referer' => 'http://test.vct.com/index.php/admin/index/index.html',
  'accept' => 'text/html,application/xhtml+xml,application/xml;q=0.9,image/webp,*/*;q=0.8',
  'user-agent' => 'Mozilla/5.0 (Windows NT 6.1; WOW64) AppleWebKit/537.36 (KHTML, like Gecko) Chrome/55.0.2883.87 Safari/537.36',
  'upgrade-insecure-requests' => '1',
  'connection' => 'close',
  'host' => 'test.vct.com',
)
[ info ] [ PARAM ] array (
)
[ info ] [ LANG ] E:\www\ajiance_vct/app/admin\lang\zh-cn.php
[ info ] [ SESSION ] INIT array (
  'id' => '',
  'var_session_id' => '',
  'prefix' => 'think',
  'type' => '',
  'auto_start' => true,
)
[ info ] [ RUN ] app\admin\controller\Vct->index[ E:\www\ajiance_vct\app\admin\controller\Vct.php ]
[ info ] [ VIEW ] E:\www\ajiance_vct/app/admin\view\vct\index.html [ array (
) ]
[ info ] [ LOG ] INIT File
---------------------------------------------------------------
[ 2018-01-07T00:00:34+08:00 ] 127.0.0.1 127.0.0.1 POST /index.php/admin/vct/index.html
[ info ] test.vct.com/index.php/admin/vct/index.html [运行时间：0.367021s][吞吐率：2.72req/s] [内存消耗：1,990.73kb] [文件加载：56]
[ info ] [ LANG ] E:\www\ajiance_vct\think\lang\zh-cn.php
[ info ] [ ROUTE ] array (
  'type' => 'module',
  'module' => 
  array (
    0 => 'admin',
    1 => 'vct',
    2 => 'index',
  ),
)
[ info ] [ HEADER ] array (
  'cookie' => 'skin=0; PHPSESSID=7pcilc0h1ju4pa5lq6q47qbjp1',
  'accept-language' => 'zh-CN,zh;q=0.8,en;q=0.6',
  'accept-encoding' => 'gzip, deflate',
  'referer' => 'http://test.vct.com/index.php/admin/Vct/index.html',
  'content-type' => 'application/x-www-form-urlencoded; charset=UTF-8',
  'user-agent' => 'Mozilla/5.0 (Windows NT 6.1; WOW64) AppleWebKit/537.36 (KHTML, like Gecko) Chrome/55.0.2883.87 Safari/537.36',
  'x-requested-with' => 'XMLHttpRequest',
  'origin' => 'http://test.vct.com',
  'accept' => 'application/json, text/javascript, */*; q=0.01',
  'content-length' => '15',
  'connection' => 'close',
  'host' => 'test.vct.com',
)
[ info ] [ PARAM ] array (
  'page' => '1',
  'limit' => '10',
)
[ info ] [ LANG ] E:\www\ajiance_vct/app/admin\lang\zh-cn.php
[ info ] [ SESSION ] INIT array (
  'id' => '',
  'var_session_id' => '',
  'prefix' => 'think',
  'type' => '',
  'auto_start' => true,
)
[ info ] [ RUN ] app\admin\controller\Vct->index[ E:\www\ajiance_vct\app\admin\controller\Vct.php ]
[ info ] [ DB ] INIT mysql
[ info ] [ LOG ] INIT File
[ sql ] [ DB ] CONNECT:[ UseTime:0.113006s ] mysql:dbname=qingcai_vct;host=123.56.90.223;port=3306;charset=utf8
[ sql ] [ SQL ] SHOW COLUMNS FROM `clt_ad` [ RunTime:0.078004s ]
[ sql ] [ SQL ] SELECT COUNT(*) AS tp_count FROM `clt_ad` `a` LEFT JOIN `clt_ad_type` `at` ON `a`.`type_id`=`at`.`type_id` WHERE  `a`.`name` LIKE '%%' LIMIT 1 [ RunTime:0.076004s ]
[ sql ] [ SQL ] SELECT `a`.*,at.name as typename FROM `clt_ad` `a` LEFT JOIN `clt_ad_type` `at` ON `a`.`type_id`=`at`.`type_id` WHERE  `a`.`name` LIKE '%%' ORDER BY `a`.`sort` LIMIT 0,10 [ RunTime:0.077004s ]
---------------------------------------------------------------
[ 2018-01-07T00:00:36+08:00 ] 127.0.0.1 127.0.0.1 GET /index.php/admin/vct/add.html
[ info ] test.vct.com/index.php/admin/vct/add.html [运行时间：0.662038s][吞吐率：1.51req/s] [内存消耗：2,058.28kb] [文件加载：56]
[ info ] [ LANG ] E:\www\ajiance_vct\think\lang\zh-cn.php
[ info ] [ ROUTE ] array (
  'type' => 'module',
  'module' => 
  array (
    0 => 'admin',
    1 => 'vct',
    2 => 'add',
  ),
)
[ info ] [ HEADER ] array (
  'cookie' => 'skin=0; PHPSESSID=7pcilc0h1ju4pa5lq6q47qbjp1',
  'accept-language' => 'zh-CN,zh;q=0.8,en;q=0.6',
  'accept-encoding' => 'gzip, deflate, sdch',
  'referer' => 'http://test.vct.com/index.php/admin/Vct/index.html',
  'accept' => 'text/html,application/xhtml+xml,application/xml;q=0.9,image/webp,*/*;q=0.8',
  'user-agent' => 'Mozilla/5.0 (Windows NT 6.1; WOW64) AppleWebKit/537.36 (KHTML, like Gecko) Chrome/55.0.2883.87 Safari/537.36',
  'upgrade-insecure-requests' => '1',
  'connection' => 'close',
  'host' => 'test.vct.com',
)
[ info ] [ PARAM ] array (
)
[ info ] [ LANG ] E:\www\ajiance_vct/app/admin\lang\zh-cn.php
[ info ] [ SESSION ] INIT array (
  'id' => '',
  'var_session_id' => '',
  'prefix' => 'think',
  'type' => '',
  'auto_start' => true,
)
[ info ] [ RUN ] app\admin\controller\Vct->add[ E:\www\ajiance_vct\app\admin\controller\Vct.php ]
[ info ] [ DB ] INIT mysql
[ info ] [ VIEW ] E:\www\ajiance_vct/app/admin\view\vct\form.html [ array (
  0 => 'role_id',
  1 => 'title',
  2 => 'info',
) ]
[ info ] [ LOG ] INIT File
[ sql ] [ DB ] CONNECT:[ UseTime:0.111006s ] mysql:dbname=qingcai_vct;host=123.56.90.223;port=3306;charset=utf8
[ sql ] [ SQL ] SHOW COLUMNS FROM `clt_role` [ RunTime:0.078005s ]
[ sql ] [ SQL ] SELECT `id`,`pid` FROM `clt_role` WHERE  `pid` = 11 [ RunTime:0.074004s ]
[ sql ] [ SQL ] SELECT `id`,`pid` FROM `clt_role` WHERE  `pid` = 2 [ RunTime:0.080005s ]
[ sql ] [ SQL ] SELECT `id`,`pid` FROM `clt_role` WHERE  `pid` = 7 [ RunTime:0.073004s ]
[ sql ] [ SQL ] SELECT `id`,`pid` FROM `clt_role` WHERE  `pid` = 8 [ RunTime:0.073004s ]
[ sql ] [ SQL ] SELECT `id`,`pid` FROM `clt_role` WHERE  `pid` = 9 [ RunTime:0.073004s ]
[ sql ] [ SQL ] SELECT `id`,`pid` FROM `clt_role` WHERE  `pid` = 10 [ RunTime:0.073005s ]
---------------------------------------------------------------
[ 2018-01-07T00:01:49+08:00 ] 127.0.0.1 127.0.0.1 POST /index.php/admin/vct/add.html
[ info ] test.vct.com/index.php/admin/vct/add.html [运行时间：0.246014s][吞吐率：4.06req/s] [内存消耗：1,921.52kb] [文件加载：58]
[ info ] [ LANG ] E:\www\ajiance_vct\think\lang\zh-cn.php
[ info ] [ ROUTE ] array (
  'type' => 'module',
  'module' => 
  array (
    0 => 'admin',
    1 => 'vct',
    2 => 'add',
  ),
)
[ info ] [ HEADER ] array (
  'cookie' => 'skin=0; PHPSESSID=7pcilc0h1ju4pa5lq6q47qbjp1',
  'accept-language' => 'zh-CN,zh;q=0.8,en;q=0.6',
  'accept-encoding' => 'gzip, deflate',
  'referer' => 'http://test.vct.com/index.php/admin/vct/add.html',
  'content-type' => 'application/x-www-form-urlencoded; charset=UTF-8',
  'user-agent' => 'Mozilla/5.0 (Windows NT 6.1; WOW64) AppleWebKit/537.36 (KHTML, like Gecko) Chrome/55.0.2883.87 Safari/537.36',
  'x-requested-with' => 'XMLHttpRequest',
  'origin' => 'http://test.vct.com',
  'accept' => '*/*',
  'content-length' => '532',
  'connection' => 'close',
  'host' => 'test.vct.com',
)
[ info ] [ PARAM ] array (
  'username' => '汪忠良',
  'sex' => '2',
  'age' => '25',
  'idcard' => '430903199304140010',
  'phone' => '15274985005',
  'address' => '长沙芙蓉区',
  'jiance_bianhao' => 'TC0001',
  'is_first_jiance' => '1',
  'visited_time' => '2018-01-07',
  'zixundian' => '1',
  'from_qudao' => '1',
  'visited_reason' => '1',
  'baolou_reason' => '1',
  'renqun_shuxing' => '1',
  'jinbiao_jiance' => '1',
  'quezheng_danwei' => '确证单位',
  'last_jiance_jigou' => '上次机构',
  'last_jiance_time' => '2018-01-07',
  'is_take_gift' => '1',
  'gift' => '避孕套',
  'is_get_weixin' => '1',
  'is_take_ajiance' => '0',
  'role_id' => '11',
)
[ info ] [ LANG ] E:\www\ajiance_vct/app/admin\lang\zh-cn.php
[ info ] [ SESSION ] INIT array (
  'id' => '',
  'var_session_id' => '',
  'prefix' => 'think',
  'type' => '',
  'auto_start' => true,
)
[ info ] [ RUN ] app\admin\controller\Vct->add[ E:\www\ajiance_vct\app\admin\controller\Vct.php ]
[ info ] [ DB ] INIT mysql
[ info ] [ LOG ] INIT File
[ error ] [8]未定义数组索引: name[E:\www\ajiance_vct\app\admin\controller\Vct.php:57]
[ error ] [10501]SQLSTATE[42S22]: Column not found: 1054 Unknown column 'name' in 'where clause'[E:\www\ajiance_vct\think\library\think\db\Connection.php:388]
[ sql ] [ DB ] CONNECT:[ UseTime:0.109007s ] mysql:dbname=qingcai_vct;host=123.56.90.223;port=3306;charset=utf8
[ sql ] [ SQL ] SHOW COLUMNS FROM `clt_vct` [ RunTime:0.076004s ]
---------------------------------------------------------------
[ 2018-01-07T00:02:34+08:00 ] 127.0.0.1 127.0.0.1 GET /index.php/admin/vct/add.html
[ info ] test.vct.com/index.php/admin/vct/add.html [运行时间：0.664038s][吞吐率：1.51req/s] [内存消耗：1,928.05kb] [文件加载：54]
[ info ] [ LANG ] E:\www\ajiance_vct\think\lang\zh-cn.php
[ info ] [ ROUTE ] array (
  'type' => 'module',
  'module' => 
  array (
    0 => 'admin',
    1 => 'vct',
    2 => 'add',
  ),
)
[ info ] [ HEADER ] array (
  'cookie' => 'skin=0; PHPSESSID=7pcilc0h1ju4pa5lq6q47qbjp1',
  'accept-language' => 'zh-CN,zh;q=0.8,en;q=0.6',
  'accept-encoding' => 'gzip, deflate, sdch',
  'referer' => 'http://test.vct.com/index.php/admin/Vct/index.html',
  'accept' => 'text/html,application/xhtml+xml,application/xml;q=0.9,image/webp,*/*;q=0.8',
  'user-agent' => 'Mozilla/5.0 (Windows NT 6.1; WOW64) AppleWebKit/537.36 (KHTML, like Gecko) Chrome/55.0.2883.87 Safari/537.36',
  'upgrade-insecure-requests' => '1',
  'cache-control' => 'max-age=0',
  'connection' => 'close',
  'host' => 'test.vct.com',
)
[ info ] [ PARAM ] array (
)
[ info ] [ LANG ] E:\www\ajiance_vct/app/admin\lang\zh-cn.php
[ info ] [ SESSION ] INIT array (
  'id' => '',
  'var_session_id' => '',
  'prefix' => 'think',
  'type' => '',
  'auto_start' => true,
)
[ info ] [ RUN ] app\admin\controller\Vct->add[ E:\www\ajiance_vct\app\admin\controller\Vct.php ]
[ info ] [ DB ] INIT mysql
[ info ] [ VIEW ] E:\www\ajiance_vct/app/admin\view\vct\form.html [ array (
  0 => 'role_id',
  1 => 'title',
  2 => 'info',
) ]
[ info ] [ LOG ] INIT File
[ sql ] [ DB ] CONNECT:[ UseTime:0.111007s ] mysql:dbname=qingcai_vct;host=123.56.90.223;port=3306;charset=utf8
[ sql ] [ SQL ] SHOW COLUMNS FROM `clt_role` [ RunTime:0.078004s ]
[ sql ] [ SQL ] SELECT `id`,`pid` FROM `clt_role` WHERE  `pid` = 11 [ RunTime:0.075005s ]
[ sql ] [ SQL ] SELECT `id`,`pid` FROM `clt_role` WHERE  `pid` = 2 [ RunTime:0.076004s ]
[ sql ] [ SQL ] SELECT `id`,`pid` FROM `clt_role` WHERE  `pid` = 7 [ RunTime:0.075004s ]
[ sql ] [ SQL ] SELECT `id`,`pid` FROM `clt_role` WHERE  `pid` = 8 [ RunTime:0.076005s ]
[ sql ] [ SQL ] SELECT `id`,`pid` FROM `clt_role` WHERE  `pid` = 9 [ RunTime:0.074004s ]
[ sql ] [ SQL ] SELECT `id`,`pid` FROM `clt_role` WHERE  `pid` = 10 [ RunTime:0.075004s ]
---------------------------------------------------------------
[ 2018-01-07T00:03:38+08:00 ] 127.0.0.1 127.0.0.1 POST /index.php/admin/vct/add.html
[ info ] test.vct.com/index.php/admin/vct/add.html [运行时间：0.353020s][吞吐率：2.83req/s] [内存消耗：1,958.65kb] [文件加载：54]
[ info ] [ LANG ] E:\www\ajiance_vct\think\lang\zh-cn.php
[ info ] [ ROUTE ] array (
  'type' => 'module',
  'module' => 
  array (
    0 => 'admin',
    1 => 'vct',
    2 => 'add',
  ),
)
[ info ] [ HEADER ] array (
  'cookie' => 'skin=0; PHPSESSID=7pcilc0h1ju4pa5lq6q47qbjp1',
  'accept-language' => 'zh-CN,zh;q=0.8,en;q=0.6',
  'accept-encoding' => 'gzip, deflate',
  'referer' => 'http://test.vct.com/index.php/admin/vct/add.html',
  'content-type' => 'application/x-www-form-urlencoded; charset=UTF-8',
  'user-agent' => 'Mozilla/5.0 (Windows NT 6.1; WOW64) AppleWebKit/537.36 (KHTML, like Gecko) Chrome/55.0.2883.87 Safari/537.36',
  'x-requested-with' => 'XMLHttpRequest',
  'origin' => 'http://test.vct.com',
  'accept' => '*/*',
  'content-length' => '532',
  'connection' => 'close',
  'host' => 'test.vct.com',
)
[ info ] [ PARAM ] array (
  'username' => '汪忠良',
  'sex' => '2',
  'age' => '25',
  'idcard' => '430903199304140010',
  'phone' => '15274985005',
  'address' => '长沙芙蓉区',
  'jiance_bianhao' => 'TC0001',
  'is_first_jiance' => '1',
  'visited_time' => '2018-01-07',
  'zixundian' => '2',
  'from_qudao' => '1',
  'visited_reason' => '2',
  'baolou_reason' => '2',
  'renqun_shuxing' => '2',
  'jinbiao_jiance' => '2',
  'quezheng_danwei' => '确证党委',
  'last_jiance_jigou' => '上次机构',
  'last_jiance_time' => '2018-01-07',
  'is_take_gift' => '1',
  'gift' => '杜蕾斯',
  'is_get_weixin' => '1',
  'is_take_ajiance' => '0',
  'role_id' => '11',
)
[ info ] [ LANG ] E:\www\ajiance_vct/app/admin\lang\zh-cn.php
[ info ] [ SESSION ] INIT array (
  'id' => '',
  'var_session_id' => '',
  'prefix' => 'think',
  'type' => '',
  'auto_start' => true,
)
[ info ] [ RUN ] app\admin\controller\Vct->add[ E:\www\ajiance_vct\app\admin\controller\Vct.php ]
[ info ] [ DB ] INIT mysql
[ info ] [ LOG ] INIT File
[ sql ] [ DB ] CONNECT:[ UseTime:0.108006s ] mysql:dbname=qingcai_vct;host=123.56.90.223;port=3306;charset=utf8
[ sql ] [ SQL ] SHOW COLUMNS FROM `clt_vct` [ RunTime:0.076004s ]
[ sql ] [ SQL ] SELECT COUNT(id) AS tp_count FROM `clt_vct` WHERE  `username` = '汪忠良'  AND `phone` = '15274985005' LIMIT 1 [ RunTime:0.073004s ]
[ sql ] [ SQL ] UPDATE `clt_vct`  SET `username`='汪忠良',`sex`=2,`age`=25,`idcard`='430903199304140010',`phone`='15274985005',`address`='长沙芙蓉区',`jiance_bianhao`='TC0001',`is_first_jiance`=1,`visited_time`=1515254400,`zixundian`=2,`from_qudao`=1,`visited_reason`=2,`baolou_reason`=2,`renqun_shuxing`=2,`jinbiao_jiance`=2,`quezheng_danwei`='确证党委',`last_jiance_jigou`='上次机构',`last_jiance_time`=1515254400,`is_take_gift`=1,`gift`='杜蕾斯',`is_get_weixin`=1,`is_take_ajiance`=0,`role_id`=1,`addtime`=1515254618  WHERE  `username` = '汪忠良'  AND `phone` = '15274985005' [ RunTime:0.073005s ]
---------------------------------------------------------------
[ 2018-01-07T00:03:41+08:00 ] 127.0.0.1 127.0.0.1 GET /index.php/admin/vct/index.html
[ info ] test.vct.com/index.php/admin/vct/index.html [运行时间：0.016001s][吞吐率：62.50req/s] [内存消耗：1,329.63kb] [文件加载：47]
[ info ] [ LANG ] E:\www\ajiance_vct\think\lang\zh-cn.php
[ info ] [ ROUTE ] array (
  'type' => 'module',
  'module' => 
  array (
    0 => 'admin',
    1 => 'vct',
    2 => 'index',
  ),
)
[ info ] [ HEADER ] array (
  'cookie' => 'skin=0; PHPSESSID=7pcilc0h1ju4pa5lq6q47qbjp1',
  'accept-language' => 'zh-CN,zh;q=0.8,en;q=0.6',
  'accept-encoding' => 'gzip, deflate, sdch',
  'referer' => 'http://test.vct.com/index.php/admin/vct/add.html',
  'accept' => 'text/html,application/xhtml+xml,application/xml;q=0.9,image/webp,*/*;q=0.8',
  'user-agent' => 'Mozilla/5.0 (Windows NT 6.1; WOW64) AppleWebKit/537.36 (KHTML, like Gecko) Chrome/55.0.2883.87 Safari/537.36',
  'upgrade-insecure-requests' => '1',
  'connection' => 'close',
  'host' => 'test.vct.com',
)
[ info ] [ PARAM ] array (
)
[ info ] [ LANG ] E:\www\ajiance_vct/app/admin\lang\zh-cn.php
[ info ] [ SESSION ] INIT array (
  'id' => '',
  'var_session_id' => '',
  'prefix' => 'think',
  'type' => '',
  'auto_start' => true,
)
[ info ] [ RUN ] app\admin\controller\Vct->index[ E:\www\ajiance_vct\app\admin\controller\Vct.php ]
[ info ] [ VIEW ] E:\www\ajiance_vct/app/admin\view\vct\index.html [ array (
) ]
[ info ] [ LOG ] INIT File
---------------------------------------------------------------
[ 2018-01-07T00:03:41+08:00 ] 127.0.0.1 127.0.0.1 POST /index.php/admin/vct/index.html
[ info ] test.vct.com/index.php/admin/vct/index.html [运行时间：0.385022s][吞吐率：2.60req/s] [内存消耗：1,990.71kb] [文件加载：56]
[ info ] [ LANG ] E:\www\ajiance_vct\think\lang\zh-cn.php
[ info ] [ ROUTE ] array (
  'type' => 'module',
  'module' => 
  array (
    0 => 'admin',
    1 => 'vct',
    2 => 'index',
  ),
)
[ info ] [ HEADER ] array (
  'cookie' => 'skin=0; PHPSESSID=7pcilc0h1ju4pa5lq6q47qbjp1',
  'accept-language' => 'zh-CN,zh;q=0.8,en;q=0.6',
  'accept-encoding' => 'gzip, deflate',
  'referer' => 'http://test.vct.com/index.php/admin/vct/index.html',
  'content-type' => 'application/x-www-form-urlencoded; charset=UTF-8',
  'user-agent' => 'Mozilla/5.0 (Windows NT 6.1; WOW64) AppleWebKit/537.36 (KHTML, like Gecko) Chrome/55.0.2883.87 Safari/537.36',
  'x-requested-with' => 'XMLHttpRequest',
  'origin' => 'http://test.vct.com',
  'accept' => 'application/json, text/javascript, */*; q=0.01',
  'content-length' => '15',
  'connection' => 'close',
  'host' => 'test.vct.com',
)
[ info ] [ PARAM ] array (
  'page' => '1',
  'limit' => '10',
)
[ info ] [ LANG ] E:\www\ajiance_vct/app/admin\lang\zh-cn.php
[ info ] [ SESSION ] INIT array (
  'id' => '',
  'var_session_id' => '',
  'prefix' => 'think',
  'type' => '',
  'auto_start' => true,
)
[ info ] [ RUN ] app\admin\controller\Vct->index[ E:\www\ajiance_vct\app\admin\controller\Vct.php ]
[ info ] [ DB ] INIT mysql
[ info ] [ LOG ] INIT File
[ sql ] [ DB ] CONNECT:[ UseTime:0.119007s ] mysql:dbname=qingcai_vct;host=123.56.90.223;port=3306;charset=utf8
[ sql ] [ SQL ] SHOW COLUMNS FROM `clt_ad` [ RunTime:0.082004s ]
[ sql ] [ SQL ] SELECT COUNT(*) AS tp_count FROM `clt_ad` `a` LEFT JOIN `clt_ad_type` `at` ON `a`.`type_id`=`at`.`type_id` WHERE  `a`.`name` LIKE '%%' LIMIT 1 [ RunTime:0.080005s ]
[ sql ] [ SQL ] SELECT `a`.*,at.name as typename FROM `clt_ad` `a` LEFT JOIN `clt_ad_type` `at` ON `a`.`type_id`=`at`.`type_id` WHERE  `a`.`name` LIKE '%%' ORDER BY `a`.`sort` LIMIT 0,10 [ RunTime:0.081005s ]
---------------------------------------------------------------
[ 2018-01-07T00:05:25+08:00 ] 127.0.0.1 127.0.0.1 GET /index.php/admin/vct/add.html
[ info ] test.vct.com/index.php/admin/vct/add.html [运行时间：0.021001s][吞吐率：47.62req/s] [内存消耗：1,499.89kb] [文件加载：52]
[ info ] [ LANG ] E:\www\ajiance_vct\think\lang\zh-cn.php
[ info ] [ ROUTE ] array (
  'type' => 'module',
  'module' => 
  array (
    0 => 'admin',
    1 => 'vct',
    2 => 'add',
  ),
)
[ info ] [ HEADER ] array (
  'cookie' => 'skin=0; PHPSESSID=7pcilc0h1ju4pa5lq6q47qbjp1',
  'accept-language' => 'zh-CN,zh;q=0.8,en;q=0.6',
  'accept-encoding' => 'gzip, deflate, sdch',
  'referer' => 'http://test.vct.com/index.php/admin/vct/index.html',
  'accept' => 'text/html,application/xhtml+xml,application/xml;q=0.9,image/webp,*/*;q=0.8',
  'user-agent' => 'Mozilla/5.0 (Windows NT 6.1; WOW64) AppleWebKit/537.36 (KHTML, like Gecko) Chrome/55.0.2883.87 Safari/537.36',
  'upgrade-insecure-requests' => '1',
  'connection' => 'close',
  'host' => 'test.vct.com',
)
[ info ] [ PARAM ] array (
)
[ info ] [ LANG ] E:\www\ajiance_vct/app/admin\lang\zh-cn.php
[ info ] [ SESSION ] INIT array (
  'id' => '',
  'var_session_id' => '',
  'prefix' => 'think',
  'type' => '',
  'auto_start' => true,
)
[ info ] [ RUN ] app\admin\controller\Vct->add[ E:\www\ajiance_vct\app\admin\controller\Vct.php ]
[ info ] [ VIEW ] E:\www\ajiance_vct/app/admin\view\vct\form.html [ array (
  0 => 'role_id',
  1 => 'title',
  2 => 'info',
) ]
[ info ] [ LOG ] INIT File
[ error ] [8]未定义变量: role_id[E:\www\ajiance_vct\app\admin\controller\Vct.php:78]
---------------------------------------------------------------
[ 2018-01-07T00:06:21+08:00 ] 127.0.0.1 127.0.0.1 POST /index.php/admin/vct/add.html
[ info ] test.vct.com/index.php/admin/vct/add.html [运行时间：0.884051s][吞吐率：1.13req/s] [内存消耗：1,966.05kb] [文件加载：54]
[ info ] [ LANG ] E:\www\ajiance_vct\think\lang\zh-cn.php
[ info ] [ ROUTE ] array (
  'type' => 'module',
  'module' => 
  array (
    0 => 'admin',
    1 => 'vct',
    2 => 'add',
  ),
)
[ info ] [ HEADER ] array (
  'cookie' => 'skin=0; PHPSESSID=7pcilc0h1ju4pa5lq6q47qbjp1',
  'accept-language' => 'zh-CN,zh;q=0.8,en;q=0.6',
  'accept-encoding' => 'gzip, deflate',
  'referer' => 'http://test.vct.com/index.php/admin/vct/add.html',
  'content-type' => 'application/x-www-form-urlencoded; charset=UTF-8',
  'user-agent' => 'Mozilla/5.0 (Windows NT 6.1; WOW64) AppleWebKit/537.36 (KHTML, like Gecko) Chrome/55.0.2883.87 Safari/537.36',
  'x-requested-with' => 'XMLHttpRequest',
  'origin' => 'http://test.vct.com',
  'accept' => '*/*',
  'content-length' => '485',
  'connection' => 'close',
  'host' => 'test.vct.com',
)
[ info ] [ PARAM ] array (
  'username' => '汪忠良',
  'sex' => '2',
  'age' => '24',
  'idcard' => '430903199304140010',
  'phone' => '15274985005',
  'address' => '长沙芙蓉区',
  'jiance_bianhao' => 'TC0001',
  'is_first_jiance' => '0',
  'visited_time' => '2018-01-07',
  'zixundian' => '2',
  'from_qudao' => '1',
  'visited_reason' => '1',
  'baolou_reason' => '1',
  'renqun_shuxing' => '2',
  'jinbiao_jiance' => '2',
  'quezheng_danwei' => '单位',
  'last_jiance_jigou' => '机构',
  'last_jiance_time' => '2018-01-24',
  'is_take_gift' => '0',
  'gift' => '杜蕾斯',
  'is_get_weixin' => '1',
  'is_take_ajiance' => '0',
)
[ info ] [ LANG ] E:\www\ajiance_vct/app/admin\lang\zh-cn.php
[ info ] [ SESSION ] INIT array (
  'id' => '',
  'var_session_id' => '',
  'prefix' => 'think',
  'type' => '',
  'auto_start' => true,
)
[ info ] [ RUN ] app\admin\controller\Vct->add[ E:\www\ajiance_vct\app\admin\controller\Vct.php ]
[ info ] [ DB ] INIT mysql
[ info ] [ LOG ] INIT File
[ sql ] [ DB ] CONNECT:[ UseTime:0.113006s ] mysql:dbname=qingcai_vct;host=123.56.90.223;port=3306;charset=utf8
[ sql ] [ SQL ] SHOW COLUMNS FROM `clt_role` [ RunTime:0.076004s ]
[ sql ] [ SQL ] SELECT `id`,`pid` FROM `clt_role` WHERE  `pid` = 11 [ RunTime:0.075005s ]
[ sql ] [ SQL ] SELECT `id`,`pid` FROM `clt_role` WHERE  `pid` = 2 [ RunTime:0.075004s ]
[ sql ] [ SQL ] SELECT `id`,`pid` FROM `clt_role` WHERE  `pid` = 7 [ RunTime:0.074004s ]
[ sql ] [ SQL ] SELECT `id`,`pid` FROM `clt_role` WHERE  `pid` = 8 [ RunTime:0.074004s ]
[ sql ] [ SQL ] SELECT `id`,`pid` FROM `clt_role` WHERE  `pid` = 9 [ RunTime:0.074005s ]
[ sql ] [ SQL ] SELECT `id`,`pid` FROM `clt_role` WHERE  `pid` = 10 [ RunTime:0.075004s ]
[ sql ] [ SQL ] SHOW COLUMNS FROM `clt_vct` [ RunTime:0.077004s ]
[ sql ] [ SQL ] SELECT COUNT(id) AS tp_count FROM `clt_vct` WHERE  `username` = '汪忠良'  AND `phone` = '15274985005' LIMIT 1 [ RunTime:0.074005s ]
[ sql ] [ SQL ] UPDATE `clt_vct`  SET `username`='汪忠良',`sex`=2,`age`=24,`idcard`='430903199304140010',`phone`='15274985005',`address`='长沙芙蓉区',`jiance_bianhao`='TC0001',`is_first_jiance`=0,`visited_time`=1515254400,`zixundian`=2,`from_qudao`=1,`visited_reason`=1,`baolou_reason`=1,`renqun_shuxing`=2,`jinbiao_jiance`=2,`quezheng_danwei`='单位',`last_jiance_jigou`='机构',`last_jiance_time`=1516723200,`is_take_gift`=0,`gift`='杜蕾斯',`is_get_weixin`=1,`is_take_ajiance`=0,`addtime`=1515254780,`role_id`=11  WHERE  `username` = '汪忠良'  AND `phone` = '15274985005' [ RunTime:0.075004s ]
---------------------------------------------------------------
[ 2018-01-07T00:06:23+08:00 ] 127.0.0.1 127.0.0.1 GET /index.php/admin/vct/add.html
[ info ] test.vct.com/index.php/admin/vct/add.html [运行时间：0.017001s][吞吐率：58.82req/s] [内存消耗：1,369.63kb] [文件加载：50]
[ info ] [ LANG ] E:\www\ajiance_vct\think\lang\zh-cn.php
[ info ] [ ROUTE ] array (
  'type' => 'module',
  'module' => 
  array (
    0 => 'admin',
    1 => 'vct',
    2 => 'add',
  ),
)
[ info ] [ HEADER ] array (
  'cookie' => 'skin=0; PHPSESSID=7pcilc0h1ju4pa5lq6q47qbjp1',
  'accept-language' => 'zh-CN,zh;q=0.8,en;q=0.6',
  'accept-encoding' => 'gzip, deflate, sdch',
  'referer' => 'http://test.vct.com/index.php/admin/vct/add.html',
  'accept' => 'text/html,application/xhtml+xml,application/xml;q=0.9,image/webp,*/*;q=0.8',
  'user-agent' => 'Mozilla/5.0 (Windows NT 6.1; WOW64) AppleWebKit/537.36 (KHTML, like Gecko) Chrome/55.0.2883.87 Safari/537.36',
  'upgrade-insecure-requests' => '1',
  'connection' => 'close',
  'host' => 'test.vct.com',
)
[ info ] [ PARAM ] array (
)
[ info ] [ LANG ] E:\www\ajiance_vct/app/admin\lang\zh-cn.php
[ info ] [ SESSION ] INIT array (
  'id' => '',
  'var_session_id' => '',
  'prefix' => 'think',
  'type' => '',
  'auto_start' => true,
)
[ info ] [ RUN ] app\admin\controller\Vct->add[ E:\www\ajiance_vct\app\admin\controller\Vct.php ]
[ info ] [ VIEW ] E:\www\ajiance_vct/app/admin\view\vct\form.html [ array (
  0 => 'role_id',
  1 => 'title',
  2 => 'info',
) ]
[ info ] [ LOG ] INIT File
[ error ] [8]未定义变量: role_id[E:\www\ajiance_vct\app\admin\controller\Vct.php:78]
---------------------------------------------------------------
[ 2018-01-07T00:06:53+08:00 ] 127.0.0.1 127.0.0.1 GET /index.php/admin/vct/add.html
[ info ] test.vct.com/index.php/admin/vct/add.html [运行时间：0.018001s][吞吐率：55.55req/s] [内存消耗：1,500.05kb] [文件加载：52]
[ info ] [ LANG ] E:\www\ajiance_vct\think\lang\zh-cn.php
[ info ] [ ROUTE ] array (
  'type' => 'module',
  'module' => 
  array (
    0 => 'admin',
    1 => 'vct',
    2 => 'add',
  ),
)
[ info ] [ HEADER ] array (
  'cookie' => 'skin=0; PHPSESSID=7pcilc0h1ju4pa5lq6q47qbjp1',
  'accept-language' => 'zh-CN,zh;q=0.8,en;q=0.6',
  'accept-encoding' => 'gzip, deflate, sdch',
  'referer' => 'http://test.vct.com/index.php/admin/vct/add.html',
  'accept' => 'text/html,application/xhtml+xml,application/xml;q=0.9,image/webp,*/*;q=0.8',
  'user-agent' => 'Mozilla/5.0 (Windows NT 6.1; WOW64) AppleWebKit/537.36 (KHTML, like Gecko) Chrome/55.0.2883.87 Safari/537.36',
  'upgrade-insecure-requests' => '1',
  'cache-control' => 'max-age=0',
  'connection' => 'close',
  'host' => 'test.vct.com',
)
[ info ] [ PARAM ] array (
)
[ info ] [ LANG ] E:\www\ajiance_vct/app/admin\lang\zh-cn.php
[ info ] [ SESSION ] INIT array (
  'id' => '',
  'var_session_id' => '',
  'prefix' => 'think',
  'type' => '',
  'auto_start' => true,
)
[ info ] [ RUN ] app\admin\controller\Vct->add[ E:\www\ajiance_vct\app\admin\controller\Vct.php ]
[ info ] [ VIEW ] E:\www\ajiance_vct/app/admin\view\vct\form.html [ array (
  0 => 'role_id',
  1 => 'title',
  2 => 'info',
) ]
[ info ] [ LOG ] INIT File
[ error ] [8]未定义变量: role_id[E:\www\ajiance_vct\app\admin\controller\Vct.php:78]
---------------------------------------------------------------
[ 2018-01-07T00:07:14+08:00 ] 127.0.0.1 127.0.0.1 GET /index.php/admin/vct/add.html
[ info ] test.vct.com/index.php/admin/vct/add.html [运行时间：0.018001s][吞吐率：55.55req/s] [内存消耗：1,500.05kb] [文件加载：52]
[ info ] [ LANG ] E:\www\ajiance_vct\think\lang\zh-cn.php
[ info ] [ ROUTE ] array (
  'type' => 'module',
  'module' => 
  array (
    0 => 'admin',
    1 => 'vct',
    2 => 'add',
  ),
)
[ info ] [ HEADER ] array (
  'cookie' => 'skin=0; PHPSESSID=7pcilc0h1ju4pa5lq6q47qbjp1',
  'accept-language' => 'zh-CN,zh;q=0.8,en;q=0.6',
  'accept-encoding' => 'gzip, deflate, sdch',
  'referer' => 'http://test.vct.com/index.php/admin/vct/add.html',
  'accept' => 'text/html,application/xhtml+xml,application/xml;q=0.9,image/webp,*/*;q=0.8',
  'user-agent' => 'Mozilla/5.0 (Windows NT 6.1; WOW64) AppleWebKit/537.36 (KHTML, like Gecko) Chrome/55.0.2883.87 Safari/537.36',
  'upgrade-insecure-requests' => '1',
  'cache-control' => 'max-age=0',
  'connection' => 'close',
  'host' => 'test.vct.com',
)
[ info ] [ PARAM ] array (
)
[ info ] [ LANG ] E:\www\ajiance_vct/app/admin\lang\zh-cn.php
[ info ] [ SESSION ] INIT array (
  'id' => '',
  'var_session_id' => '',
  'prefix' => 'think',
  'type' => '',
  'auto_start' => true,
)
[ info ] [ RUN ] app\admin\controller\Vct->add[ E:\www\ajiance_vct\app\admin\controller\Vct.php ]
[ info ] [ VIEW ] E:\www\ajiance_vct/app/admin\view\vct\form.html [ array (
  0 => 'role_id',
  1 => 'title',
  2 => 'info',
) ]
[ info ] [ LOG ] INIT File
[ error ] [8]未定义变量: role_id[E:\www\ajiance_vct\app\admin\controller\Vct.php:78]
