---------------------------------------------------------------
[ 2018-01-08T00:00:47+08:00 ] 127.0.0.1 127.0.0.1 GET /index.php/admin/vct/add.html
[ info ] test.vct.com/index.php/admin/vct/add.html [运行时间：0.023002s][吞吐率：43.47req/s] [内存消耗：1,484.75kb] [文件加载：52]
[ info ] [ LANG ] E:\www\ajiance_vct\think\lang\zh-cn.php
[ info ] [ ROUTE ] array (
  'type' => 'module',
  'module' => 
  array (
    0 => 'admin',
    1 => 'vct',
    2 => 'add',
  ),
)
[ info ] [ HEADER ] array (
  'cookie' => 'skin=0; skin=0; PHPSESSID=rbbhuh24f5cjn7el16b8rusre2',
  'accept-language' => 'zh-CN,zh;q=0.8,en;q=0.6',
  'accept-encoding' => 'gzip, deflate, sdch',
  'referer' => 'http://test.vct.com/index.php/admin/Vct/index.html',
  'accept' => 'text/html,application/xhtml+xml,application/xml;q=0.9,image/webp,*/*;q=0.8',
  'user-agent' => 'Mozilla/5.0 (Windows NT 6.1; WOW64) AppleWebKit/537.36 (KHTML, like Gecko) Chrome/55.0.2883.87 Safari/537.36',
  'upgrade-insecure-requests' => '1',
  'cache-control' => 'max-age=0',
  'connection' => 'close',
  'host' => 'test.vct.com',
)
[ info ] [ PARAM ] array (
)
[ info ] [ LANG ] E:\www\ajiance_vct/app/admin\lang\zh-cn.php
[ info ] [ SESSION ] INIT array (
  'id' => '',
  'var_session_id' => '',
  'prefix' => 'think',
  'type' => '',
  'auto_start' => true,
)
[ info ] [ RUN ] app\admin\controller\Vct->add[ E:\www\ajiance_vct\app\admin\controller\Vct.php ]
[ info ] [ VIEW ] E:\www\ajiance_vct/app/admin\view\vct\form.html [ array (
  0 => 'role_id',
  1 => 'title',
  2 => 'info',
) ]
[ info ] [ LOG ] INIT File
[ error ] [8]未定义变量: role_id[E:\www\ajiance_vct\app\admin\controller\Vct.php:158]
[ error ] [2]Illegal string offset 'username'[E:\www\ajiance_vct\runtime\temp\a946bb1ce3c1a444bcf189db8950c5ab.php:26]
---------------------------------------------------------------
[ 2018-01-08T00:00:50+08:00 ] 127.0.0.1 127.0.0.1 GET /index.php/admin/index/index.html
[ info ] test.vct.com/index.php/admin/index/index.html [运行时间：0.017001s][吞吐率：58.82req/s] [内存消耗：1,410.03kb] [文件加载：50]
[ info ] [ LANG ] E:\www\ajiance_vct\think\lang\zh-cn.php
[ info ] [ ROUTE ] array (
  'type' => 'module',
  'module' => 
  array (
    0 => 'admin',
    1 => 'index',
    2 => 'index',
  ),
)
[ info ] [ HEADER ] array (
  'cookie' => 'skin=0; skin=0; PHPSESSID=rbbhuh24f5cjn7el16b8rusre2',
  'accept-language' => 'zh-CN,zh;q=0.8,en;q=0.6',
  'accept-encoding' => 'gzip, deflate, sdch',
  'referer' => 'http://test.vct.com/index.php/admin/index/index.html',
  'accept' => 'text/html,application/xhtml+xml,application/xml;q=0.9,image/webp,*/*;q=0.8',
  'user-agent' => 'Mozilla/5.0 (Windows NT 6.1; WOW64) AppleWebKit/537.36 (KHTML, like Gecko) Chrome/55.0.2883.87 Safari/537.36',
  'upgrade-insecure-requests' => '1',
  'cache-control' => 'max-age=0',
  'connection' => 'close',
  'host' => 'test.vct.com',
)
[ info ] [ PARAM ] array (
)
[ info ] [ LANG ] E:\www\ajiance_vct/app/admin\lang\zh-cn.php
[ info ] [ SESSION ] INIT array (
  'id' => '',
  'var_session_id' => '',
  'prefix' => 'think',
  'type' => '',
  'auto_start' => true,
)
[ info ] [ RUN ] app\admin\controller\Index->index[ E:\www\ajiance_vct\app\admin\controller\Index.php ]
[ info ] [ CACHE ] INIT File
[ info ] [ VIEW ] E:\www\ajiance_vct/app/admin\view\index\index.html [ array (
  0 => 'menus',
) ]
[ info ] [ LOG ] INIT File
---------------------------------------------------------------
[ 2018-01-08T00:00:50+08:00 ] 127.0.0.1 127.0.0.1 GET /index.php/admin/index/main.html
[ info ] test.vct.com/index.php/admin/index/main.html [运行时间：0.169009s][吞吐率：5.92req/s] [内存消耗：1,459.02kb] [文件加载：50]
[ info ] [ LANG ] E:\www\ajiance_vct\think\lang\zh-cn.php
[ info ] [ ROUTE ] array (
  'type' => 'module',
  'module' => 
  array (
    0 => 'admin',
    1 => 'index',
    2 => 'main',
  ),
)
[ info ] [ HEADER ] array (
  'cookie' => 'skin=0; skin=0; PHPSESSID=rbbhuh24f5cjn7el16b8rusre2',
  'accept-language' => 'zh-CN,zh;q=0.8,en;q=0.6',
  'accept-encoding' => 'gzip, deflate, sdch',
  'referer' => 'http://test.vct.com/index.php/admin/index/index.html',
  'accept' => 'text/html,application/xhtml+xml,application/xml;q=0.9,image/webp,*/*;q=0.8',
  'user-agent' => 'Mozilla/5.0 (Windows NT 6.1; WOW64) AppleWebKit/537.36 (KHTML, like Gecko) Chrome/55.0.2883.87 Safari/537.36',
  'upgrade-insecure-requests' => '1',
  'connection' => 'close',
  'host' => 'test.vct.com',
)
[ info ] [ PARAM ] array (
)
[ info ] [ LANG ] E:\www\ajiance_vct/app/admin\lang\zh-cn.php
[ info ] [ SESSION ] INIT array (
  'id' => '',
  'var_session_id' => '',
  'prefix' => 'think',
  'type' => '',
  'auto_start' => true,
)
[ info ] [ RUN ] app\admin\controller\Index->main[ E:\www\ajiance_vct\app\admin\controller\Index.php ]
[ info ] [ DB ] INIT mysql
[ info ] [ VIEW ] E:\www\ajiance_vct/app/admin\view\index\main.html [ array (
  0 => 'config',
) ]
[ info ] [ LOG ] INIT File
[ sql ] [ DB ] CONNECT:[ UseTime:0.091005s ] mysql:dbname=qingcai_vct;host=123.56.90.223;port=3306;charset=utf8
[ sql ] [ SQL ] SELECT VERSION() AS ver [ RunTime:0.059003s ]
---------------------------------------------------------------
[ 2018-01-08T00:00:52+08:00 ] 127.0.0.1 127.0.0.1 GET /index.php/admin/Vct/index.html
[ info ] test.vct.com/index.php/admin/Vct/index.html [运行时间：0.020001s][吞吐率：50.00req/s] [内存消耗：1,352.63kb] [文件加载：47]
[ info ] [ LANG ] E:\www\ajiance_vct\think\lang\zh-cn.php
[ info ] [ ROUTE ] array (
  'type' => 'module',
  'module' => 
  array (
    0 => 'admin',
    1 => 'Vct',
    2 => 'index',
  ),
)
[ info ] [ HEADER ] array (
  'cookie' => 'skin=0; skin=0; PHPSESSID=rbbhuh24f5cjn7el16b8rusre2',
  'accept-language' => 'zh-CN,zh;q=0.8,en;q=0.6',
  'accept-encoding' => 'gzip, deflate, sdch',
  'referer' => 'http://test.vct.com/index.php/admin/index/index.html',
  'accept' => 'text/html,application/xhtml+xml,application/xml;q=0.9,image/webp,*/*;q=0.8',
  'user-agent' => 'Mozilla/5.0 (Windows NT 6.1; WOW64) AppleWebKit/537.36 (KHTML, like Gecko) Chrome/55.0.2883.87 Safari/537.36',
  'upgrade-insecure-requests' => '1',
  'connection' => 'close',
  'host' => 'test.vct.com',
)
[ info ] [ PARAM ] array (
)
[ info ] [ LANG ] E:\www\ajiance_vct/app/admin\lang\zh-cn.php
[ info ] [ SESSION ] INIT array (
  'id' => '',
  'var_session_id' => '',
  'prefix' => 'think',
  'type' => '',
  'auto_start' => true,
)
[ info ] [ RUN ] app\admin\controller\Vct->index[ E:\www\ajiance_vct\app\admin\controller\Vct.php ]
[ info ] [ VIEW ] E:\www\ajiance_vct/app/admin\view\vct\index.html [ array (
) ]
[ info ] [ LOG ] INIT File
---------------------------------------------------------------
[ 2018-01-08T00:00:52+08:00 ] 127.0.0.1 127.0.0.1 POST /index.php/admin/vct/index.html
[ info ] test.vct.com/index.php/admin/vct/index.html [运行时间：0.354020s][吞吐率：2.82req/s] [内存消耗：2,025.97kb] [文件加载：56]
[ info ] [ LANG ] E:\www\ajiance_vct\think\lang\zh-cn.php
[ info ] [ ROUTE ] array (
  'type' => 'module',
  'module' => 
  array (
    0 => 'admin',
    1 => 'vct',
    2 => 'index',
  ),
)
[ info ] [ HEADER ] array (
  'cookie' => 'skin=0; skin=0; PHPSESSID=rbbhuh24f5cjn7el16b8rusre2',
  'accept-language' => 'zh-CN,zh;q=0.8,en;q=0.6',
  'accept-encoding' => 'gzip, deflate',
  'referer' => 'http://test.vct.com/index.php/admin/Vct/index.html',
  'content-type' => 'application/x-www-form-urlencoded; charset=UTF-8',
  'user-agent' => 'Mozilla/5.0 (Windows NT 6.1; WOW64) AppleWebKit/537.36 (KHTML, like Gecko) Chrome/55.0.2883.87 Safari/537.36',
  'x-requested-with' => 'XMLHttpRequest',
  'origin' => 'http://test.vct.com',
  'accept' => 'application/json, text/javascript, */*; q=0.01',
  'content-length' => '15',
  'connection' => 'close',
  'host' => 'test.vct.com',
)
[ info ] [ PARAM ] array (
  'page' => '1',
  'limit' => '10',
)
[ info ] [ LANG ] E:\www\ajiance_vct/app/admin\lang\zh-cn.php
[ info ] [ SESSION ] INIT array (
  'id' => '',
  'var_session_id' => '',
  'prefix' => 'think',
  'type' => '',
  'auto_start' => true,
)
[ info ] [ RUN ] app\admin\controller\Vct->index[ E:\www\ajiance_vct\app\admin\controller\Vct.php ]
[ info ] [ DB ] INIT mysql
[ info ] [ LOG ] INIT File
[ sql ] [ DB ] CONNECT:[ UseTime:0.108006s ] mysql:dbname=qingcai_vct;host=123.56.90.223;port=3306;charset=utf8
[ sql ] [ SQL ] SHOW COLUMNS FROM `clt_vct` [ RunTime:0.075005s ]
[ sql ] [ SQL ] SELECT COUNT(*) AS tp_count FROM `clt_vct` `a` LEFT JOIN `clt_role` `b` ON `a`.`role_id`=`b`.`id` INNER JOIN `clt_admin` `c` ON `a`.`aid`=`c`.`admin_id` WHERE  ( `a`.`username` LIKE '%%' OR `a`.`idcard` LIKE '%%' OR `a`.`phone` LIKE '%%' OR `a`.`address` LIKE '%%' OR `a`.`jiance_bianhao` LIKE '%%' OR `a`.`gift` LIKE '%%' ) LIMIT 1 [ RunTime:0.075004s ]
[ sql ] [ SQL ] SELECT `a`.*,b.name as zixundian,c.username as admin_name FROM `clt_vct` `a` LEFT JOIN `clt_role` `b` ON `a`.`role_id`=`b`.`id` INNER JOIN `clt_admin` `c` ON `a`.`aid`=`c`.`admin_id` WHERE  ( `a`.`username` LIKE '%%' OR `a`.`idcard` LIKE '%%' OR `a`.`phone` LIKE '%%' OR `a`.`address` LIKE '%%' OR `a`.`jiance_bianhao` LIKE '%%' OR `a`.`gift` LIKE '%%' ) ORDER BY a.addtime desc LIMIT 0,10 [ RunTime:0.074004s ]
---------------------------------------------------------------
[ 2018-01-08T00:00:53+08:00 ] 127.0.0.1 127.0.0.1 GET /index.php/admin/vct/add.html
[ info ] test.vct.com/index.php/admin/vct/add.html [运行时间：0.017001s][吞吐率：58.82req/s] [内存消耗：1,337.85kb] [文件加载：50]
[ info ] [ LANG ] E:\www\ajiance_vct\think\lang\zh-cn.php
[ info ] [ ROUTE ] array (
  'type' => 'module',
  'module' => 
  array (
    0 => 'admin',
    1 => 'vct',
    2 => 'add',
  ),
)
[ info ] [ HEADER ] array (
  'cookie' => 'skin=0; skin=0; PHPSESSID=rbbhuh24f5cjn7el16b8rusre2',
  'accept-language' => 'zh-CN,zh;q=0.8,en;q=0.6',
  'accept-encoding' => 'gzip, deflate, sdch',
  'referer' => 'http://test.vct.com/index.php/admin/Vct/index.html',
  'accept' => 'text/html,application/xhtml+xml,application/xml;q=0.9,image/webp,*/*;q=0.8',
  'user-agent' => 'Mozilla/5.0 (Windows NT 6.1; WOW64) AppleWebKit/537.36 (KHTML, like Gecko) Chrome/55.0.2883.87 Safari/537.36',
  'upgrade-insecure-requests' => '1',
  'connection' => 'close',
  'host' => 'test.vct.com',
)
[ info ] [ PARAM ] array (
)
[ info ] [ LANG ] E:\www\ajiance_vct/app/admin\lang\zh-cn.php
[ info ] [ SESSION ] INIT array (
  'id' => '',
  'var_session_id' => '',
  'prefix' => 'think',
  'type' => '',
  'auto_start' => true,
)
[ info ] [ RUN ] app\admin\controller\Vct->add[ E:\www\ajiance_vct\app\admin\controller\Vct.php ]
[ info ] [ VIEW ] E:\www\ajiance_vct/app/admin\view\vct\form.html [ array (
  0 => 'role_id',
  1 => 'title',
  2 => 'info',
) ]
[ info ] [ LOG ] INIT File
[ error ] [8]未定义变量: role_id[E:\www\ajiance_vct\app\admin\controller\Vct.php:158]
[ error ] [2]Illegal string offset 'username'[E:\www\ajiance_vct\runtime\temp\a946bb1ce3c1a444bcf189db8950c5ab.php:26]
---------------------------------------------------------------
[ 2018-01-08T00:01:12+08:00 ] 127.0.0.1 127.0.0.1 GET /index.php/admin/vct/add.html
[ info ] test.vct.com/index.php/admin/vct/add.html [运行时间：0.022001s][吞吐率：45.45req/s] [内存消耗：1,484.50kb] [文件加载：52]
[ info ] [ LANG ] E:\www\ajiance_vct\think\lang\zh-cn.php
[ info ] [ ROUTE ] array (
  'type' => 'module',
  'module' => 
  array (
    0 => 'admin',
    1 => 'vct',
    2 => 'add',
  ),
)
[ info ] [ HEADER ] array (
  'cookie' => 'skin=0; skin=0; PHPSESSID=rbbhuh24f5cjn7el16b8rusre2',
  'accept-language' => 'zh-CN,zh;q=0.8,en;q=0.6',
  'accept-encoding' => 'gzip, deflate, sdch',
  'referer' => 'http://test.vct.com/index.php/admin/Vct/index.html',
  'accept' => 'text/html,application/xhtml+xml,application/xml;q=0.9,image/webp,*/*;q=0.8',
  'user-agent' => 'Mozilla/5.0 (Windows NT 6.1; WOW64) AppleWebKit/537.36 (KHTML, like Gecko) Chrome/55.0.2883.87 Safari/537.36',
  'upgrade-insecure-requests' => '1',
  'cache-control' => 'max-age=0',
  'connection' => 'close',
  'host' => 'test.vct.com',
)
[ info ] [ PARAM ] array (
)
[ info ] [ LANG ] E:\www\ajiance_vct/app/admin\lang\zh-cn.php
[ info ] [ SESSION ] INIT array (
  'id' => '',
  'var_session_id' => '',
  'prefix' => 'think',
  'type' => '',
  'auto_start' => true,
)
[ info ] [ RUN ] app\admin\controller\Vct->add[ E:\www\ajiance_vct\app\admin\controller\Vct.php ]
[ info ] [ VIEW ] E:\www\ajiance_vct/app/admin\view\vct\form.html [ array (
  0 => 'role_id',
  1 => 'title',
  2 => 'info',
) ]
[ info ] [ LOG ] INIT File
[ error ] [8]未定义变量: role_id[E:\www\ajiance_vct\app\admin\controller\Vct.php:158]
[ error ] [2]Illegal string offset 'sex'[E:\www\ajiance_vct\runtime\temp\a946bb1ce3c1a444bcf189db8950c5ab.php:34]
---------------------------------------------------------------
[ 2018-01-08T00:01:27+08:00 ] 127.0.0.1 127.0.0.1 GET /index.php/admin/vct/add.html
[ info ] test.vct.com/index.php/admin/vct/add.html [运行时间：0.020001s][吞吐率：50.00req/s] [内存消耗：1,484.73kb] [文件加载：52]
[ info ] [ LANG ] E:\www\ajiance_vct\think\lang\zh-cn.php
[ info ] [ ROUTE ] array (
  'type' => 'module',
  'module' => 
  array (
    0 => 'admin',
    1 => 'vct',
    2 => 'add',
  ),
)
[ info ] [ HEADER ] array (
  'cookie' => 'skin=0; skin=0; PHPSESSID=rbbhuh24f5cjn7el16b8rusre2',
  'accept-language' => 'zh-CN,zh;q=0.8,en;q=0.6',
  'accept-encoding' => 'gzip, deflate, sdch',
  'referer' => 'http://test.vct.com/index.php/admin/Vct/index.html',
  'accept' => 'text/html,application/xhtml+xml,application/xml;q=0.9,image/webp,*/*;q=0.8',
  'user-agent' => 'Mozilla/5.0 (Windows NT 6.1; WOW64) AppleWebKit/537.36 (KHTML, like Gecko) Chrome/55.0.2883.87 Safari/537.36',
  'upgrade-insecure-requests' => '1',
  'cache-control' => 'max-age=0',
  'connection' => 'close',
  'host' => 'test.vct.com',
)
[ info ] [ PARAM ] array (
)
[ info ] [ LANG ] E:\www\ajiance_vct/app/admin\lang\zh-cn.php
[ info ] [ SESSION ] INIT array (
  'id' => '',
  'var_session_id' => '',
  'prefix' => 'think',
  'type' => '',
  'auto_start' => true,
)
[ info ] [ RUN ] app\admin\controller\Vct->add[ E:\www\ajiance_vct\app\admin\controller\Vct.php ]
[ info ] [ VIEW ] E:\www\ajiance_vct/app/admin\view\vct\form.html [ array (
  0 => 'role_id',
  1 => 'title',
  2 => 'info',
) ]
[ info ] [ LOG ] INIT File
[ error ] [8]未定义变量: role_id[E:\www\ajiance_vct\app\admin\controller\Vct.php:158]
[ error ] [2]Illegal string offset 'age'[E:\www\ajiance_vct\runtime\temp\a946bb1ce3c1a444bcf189db8950c5ab.php:46]
---------------------------------------------------------------
[ 2018-01-08T00:01:53+08:00 ] 127.0.0.1 127.0.0.1 GET /index.php/admin/vct/add.html
[ info ] test.vct.com/index.php/admin/vct/add.html [运行时间：0.020001s][吞吐率：50.00req/s] [内存消耗：1,484.63kb] [文件加载：52]
[ info ] [ LANG ] E:\www\ajiance_vct\think\lang\zh-cn.php
[ info ] [ ROUTE ] array (
  'type' => 'module',
  'module' => 
  array (
    0 => 'admin',
    1 => 'vct',
    2 => 'add',
  ),
)
[ info ] [ HEADER ] array (
  'cookie' => 'skin=0; skin=0; PHPSESSID=rbbhuh24f5cjn7el16b8rusre2',
  'accept-language' => 'zh-CN,zh;q=0.8,en;q=0.6',
  'accept-encoding' => 'gzip, deflate, sdch',
  'referer' => 'http://test.vct.com/index.php/admin/Vct/index.html',
  'accept' => 'text/html,application/xhtml+xml,application/xml;q=0.9,image/webp,*/*;q=0.8',
  'user-agent' => 'Mozilla/5.0 (Windows NT 6.1; WOW64) AppleWebKit/537.36 (KHTML, like Gecko) Chrome/55.0.2883.87 Safari/537.36',
  'upgrade-insecure-requests' => '1',
  'cache-control' => 'max-age=0',
  'connection' => 'close',
  'host' => 'test.vct.com',
)
[ info ] [ PARAM ] array (
)
[ info ] [ LANG ] E:\www\ajiance_vct/app/admin\lang\zh-cn.php
[ info ] [ SESSION ] INIT array (
  'id' => '',
  'var_session_id' => '',
  'prefix' => 'think',
  'type' => '',
  'auto_start' => true,
)
[ info ] [ RUN ] app\admin\controller\Vct->add[ E:\www\ajiance_vct\app\admin\controller\Vct.php ]
[ info ] [ VIEW ] E:\www\ajiance_vct/app/admin\view\vct\form.html [ array (
  0 => 'role_id',
  1 => 'title',
  2 => 'info',
) ]
[ info ] [ LOG ] INIT File
[ error ] [8]未定义变量: role_id[E:\www\ajiance_vct\app\admin\controller\Vct.php:158]
[ error ] [2]Illegal string offset 'username'[E:\www\ajiance_vct\runtime\temp\a946bb1ce3c1a444bcf189db8950c5ab.php:26]
---------------------------------------------------------------
[ 2018-01-08T00:02:04+08:00 ] 127.0.0.1 127.0.0.1 GET /index.php/admin/vct/add.html
[ info ] test.vct.com/index.php/admin/vct/add.html [运行时间：0.016001s][吞吐率：62.50req/s] [内存消耗：1,393.03kb] [文件加载：50]
[ info ] [ LANG ] E:\www\ajiance_vct\think\lang\zh-cn.php
[ info ] [ ROUTE ] array (
  'type' => 'module',
  'module' => 
  array (
    0 => 'admin',
    1 => 'vct',
    2 => 'add',
  ),
)
[ info ] [ HEADER ] array (
  'cookie' => 'skin=0; skin=0; PHPSESSID=rbbhuh24f5cjn7el16b8rusre2',
  'accept-language' => 'zh-CN,zh;q=0.8,en;q=0.6',
  'accept-encoding' => 'gzip, deflate, sdch',
  'referer' => 'http://test.vct.com/index.php/admin/Vct/index.html',
  'accept' => 'text/html,application/xhtml+xml,application/xml;q=0.9,image/webp,*/*;q=0.8',
  'user-agent' => 'Mozilla/5.0 (Windows NT 6.1; WOW64) AppleWebKit/537.36 (KHTML, like Gecko) Chrome/55.0.2883.87 Safari/537.36',
  'upgrade-insecure-requests' => '1',
  'cache-control' => 'max-age=0',
  'connection' => 'close',
  'host' => 'test.vct.com',
)
[ info ] [ PARAM ] array (
)
[ info ] [ LANG ] E:\www\ajiance_vct/app/admin\lang\zh-cn.php
[ info ] [ SESSION ] INIT array (
  'id' => '',
  'var_session_id' => '',
  'prefix' => 'think',
  'type' => '',
  'auto_start' => true,
)
[ info ] [ RUN ] app\admin\controller\Vct->add[ E:\www\ajiance_vct\app\admin\controller\Vct.php ]
[ info ] [ VIEW ] E:\www\ajiance_vct/app/admin\view\vct\form.html [ array (
  0 => 'role_id',
  1 => 'title',
  2 => 'info',
) ]
[ info ] [ LOG ] INIT File
[ error ] [8]未定义变量: role_id[E:\www\ajiance_vct\app\admin\controller\Vct.php:158]
---------------------------------------------------------------
[ 2018-01-08T00:03:14+08:00 ] 127.0.0.1 127.0.0.1 POST /index.php/admin/vct/add.html
[ info ] test.vct.com/index.php/admin/vct/add.html [运行时间：0.729042s][吞吐率：1.37req/s] [内存消耗：1,988.78kb] [文件加载：54]
[ info ] [ LANG ] E:\www\ajiance_vct\think\lang\zh-cn.php
[ info ] [ ROUTE ] array (
  'type' => 'module',
  'module' => 
  array (
    0 => 'admin',
    1 => 'vct',
    2 => 'add',
  ),
)
[ info ] [ HEADER ] array (
  'cookie' => 'skin=0; skin=0; PHPSESSID=rbbhuh24f5cjn7el16b8rusre2',
  'accept-language' => 'zh-CN,zh;q=0.8,en;q=0.6',
  'accept-encoding' => 'gzip, deflate',
  'referer' => 'http://test.vct.com/index.php/admin/vct/add.html',
  'content-type' => 'application/x-www-form-urlencoded; charset=UTF-8',
  'user-agent' => 'Mozilla/5.0 (Windows NT 6.1; WOW64) AppleWebKit/537.36 (KHTML, like Gecko) Chrome/55.0.2883.87 Safari/537.36',
  'x-requested-with' => 'XMLHttpRequest',
  'origin' => 'http://test.vct.com',
  'accept' => '*/*',
  'content-length' => '341',
  'connection' => 'close',
  'host' => 'test.vct.com',
)
[ info ] [ PARAM ] array (
  'username' => '1',
  'sex' => '2',
  'age' => '2',
  'idcard' => '3',
  'phone' => '15274985005',
  'address' => '4',
  'jiance_bianhao' => '5',
  'is_first_jiance' => '0',
  'visited_time' => '2018-01-08',
  'from_qudao' => '7',
  'visited_reason' => '3',
  'baolou_reason' => '6',
  'baolou_reason_note' => '6',
  'renqun_shuxing' => '5',
  'jinbiao_jiance' => '2',
  'quezheng_danwei' => '7',
  'last_jiance_jigou' => '8',
  'last_jiance_time' => '1970-01-12',
  'is_take_gift' => '1',
  'gift' => '9',
  'is_get_weixin' => '1',
  'is_take_ajiance' => '1',
)
[ info ] [ LANG ] E:\www\ajiance_vct/app/admin\lang\zh-cn.php
[ info ] [ SESSION ] INIT array (
  'id' => '',
  'var_session_id' => '',
  'prefix' => 'think',
  'type' => '',
  'auto_start' => true,
)
[ info ] [ RUN ] app\admin\controller\Vct->add[ E:\www\ajiance_vct\app\admin\controller\Vct.php ]
[ info ] [ DB ] INIT mysql
[ info ] [ LOG ] INIT File
[ sql ] [ DB ] CONNECT:[ UseTime:0.089005s ] mysql:dbname=qingcai_vct;host=123.56.90.223;port=3306;charset=utf8
[ sql ] [ SQL ] SHOW COLUMNS FROM `clt_role` [ RunTime:0.062003s ]
[ sql ] [ SQL ] SELECT `id`,`pid` FROM `clt_role` WHERE  `pid` = 11 [ RunTime:0.063004s ]
[ sql ] [ SQL ] SELECT `id`,`pid` FROM `clt_role` WHERE  `pid` = 2 [ RunTime:0.062003s ]
[ sql ] [ SQL ] SELECT `id`,`pid` FROM `clt_role` WHERE  `pid` = 7 [ RunTime:0.060004s ]
[ sql ] [ SQL ] SELECT `id`,`pid` FROM `clt_role` WHERE  `pid` = 8 [ RunTime:0.060003s ]
[ sql ] [ SQL ] SELECT `id`,`pid` FROM `clt_role` WHERE  `pid` = 9 [ RunTime:0.061004s ]
[ sql ] [ SQL ] SELECT `id`,`pid` FROM `clt_role` WHERE  `pid` = 10 [ RunTime:0.060003s ]
[ sql ] [ SQL ] SHOW COLUMNS FROM `clt_vct` [ RunTime:0.067004s ]
[ sql ] [ SQL ] SELECT COUNT(id) AS tp_count FROM `clt_vct` WHERE  `username` = '1'  AND `phone` = '15274985005' LIMIT 1 [ RunTime:0.059003s ]
[ sql ] [ SQL ] INSERT INTO `clt_vct` (`username` , `sex` , `age` , `idcard` , `phone` , `address` , `jiance_bianhao` , `is_first_jiance` , `visited_time` , `from_qudao` , `visited_reason` , `baolou_reason` , `baolou_reason_note` , `renqun_shuxing` , `jinbiao_jiance` , `quezheng_danwei` , `last_jiance_jigou` , `last_jiance_time` , `is_take_gift` , `gift` , `is_get_weixin` , `is_take_ajiance` , `addtime` , `role_id` , `aid`) VALUES ('1' , 2 , 2 , '3' , '15274985005' , '4' , '5' , 0 , 1515340800 , 7 , 3 , 6 , '6' , 5 , 2 , '7' , '8' , 921600 , 1 , '9' , 1 , 1 , 1515340993 , 11 , 9) [ RunTime:0.059003s ]
---------------------------------------------------------------
[ 2018-01-08T00:03:16+08:00 ] 127.0.0.1 127.0.0.1 GET /index.php/admin/vct/add.html
[ info ] test.vct.com/index.php/admin/vct/add.html [运行时间：0.016001s][吞吐率：62.50req/s] [内存消耗：1,392.86kb] [文件加载：50]
[ info ] [ LANG ] E:\www\ajiance_vct\think\lang\zh-cn.php
[ info ] [ ROUTE ] array (
  'type' => 'module',
  'module' => 
  array (
    0 => 'admin',
    1 => 'vct',
    2 => 'add',
  ),
)
[ info ] [ HEADER ] array (
  'cookie' => 'skin=0; skin=0; PHPSESSID=rbbhuh24f5cjn7el16b8rusre2',
  'accept-language' => 'zh-CN,zh;q=0.8,en;q=0.6',
  'accept-encoding' => 'gzip, deflate, sdch',
  'referer' => 'http://test.vct.com/index.php/admin/vct/add.html',
  'accept' => 'text/html,application/xhtml+xml,application/xml;q=0.9,image/webp,*/*;q=0.8',
  'user-agent' => 'Mozilla/5.0 (Windows NT 6.1; WOW64) AppleWebKit/537.36 (KHTML, like Gecko) Chrome/55.0.2883.87 Safari/537.36',
  'upgrade-insecure-requests' => '1',
  'connection' => 'close',
  'host' => 'test.vct.com',
)
[ info ] [ PARAM ] array (
)
[ info ] [ LANG ] E:\www\ajiance_vct/app/admin\lang\zh-cn.php
[ info ] [ SESSION ] INIT array (
  'id' => '',
  'var_session_id' => '',
  'prefix' => 'think',
  'type' => '',
  'auto_start' => true,
)
[ info ] [ RUN ] app\admin\controller\Vct->add[ E:\www\ajiance_vct\app\admin\controller\Vct.php ]
[ info ] [ VIEW ] E:\www\ajiance_vct/app/admin\view\vct\form.html [ array (
  0 => 'role_id',
  1 => 'title',
  2 => 'info',
) ]
[ info ] [ LOG ] INIT File
[ error ] [8]未定义变量: role_id[E:\www\ajiance_vct\app\admin\controller\Vct.php:158]
---------------------------------------------------------------
[ 2018-01-08T00:03:18+08:00 ] 127.0.0.1 127.0.0.1 GET /index.php/admin/vct/index.html
[ info ] test.vct.com/index.php/admin/vct/index.html [运行时间：0.015001s][吞吐率：66.66req/s] [内存消耗：1,352.72kb] [文件加载：47]
[ info ] [ LANG ] E:\www\ajiance_vct\think\lang\zh-cn.php
[ info ] [ ROUTE ] array (
  'type' => 'module',
  'module' => 
  array (
    0 => 'admin',
    1 => 'vct',
    2 => 'index',
  ),
)
[ info ] [ HEADER ] array (
  'cookie' => 'skin=0; skin=0; PHPSESSID=rbbhuh24f5cjn7el16b8rusre2',
  'accept-language' => 'zh-CN,zh;q=0.8,en;q=0.6',
  'accept-encoding' => 'gzip, deflate, sdch',
  'referer' => 'http://test.vct.com/index.php/admin/vct/add.html',
  'accept' => 'text/html,application/xhtml+xml,application/xml;q=0.9,image/webp,*/*;q=0.8',
  'user-agent' => 'Mozilla/5.0 (Windows NT 6.1; WOW64) AppleWebKit/537.36 (KHTML, like Gecko) Chrome/55.0.2883.87 Safari/537.36',
  'upgrade-insecure-requests' => '1',
  'connection' => 'close',
  'host' => 'test.vct.com',
)
[ info ] [ PARAM ] array (
)
[ info ] [ LANG ] E:\www\ajiance_vct/app/admin\lang\zh-cn.php
[ info ] [ SESSION ] INIT array (
  'id' => '',
  'var_session_id' => '',
  'prefix' => 'think',
  'type' => '',
  'auto_start' => true,
)
[ info ] [ RUN ] app\admin\controller\Vct->index[ E:\www\ajiance_vct\app\admin\controller\Vct.php ]
[ info ] [ VIEW ] E:\www\ajiance_vct/app/admin\view\vct\index.html [ array (
) ]
[ info ] [ LOG ] INIT File
---------------------------------------------------------------
[ 2018-01-08T00:03:19+08:00 ] 127.0.0.1 127.0.0.1 POST /index.php/admin/vct/index.html
[ info ] test.vct.com/index.php/admin/vct/index.html [运行时间：0.312018s][吞吐率：3.20req/s] [内存消耗：2,027.41kb] [文件加载：56]
[ info ] [ LANG ] E:\www\ajiance_vct\think\lang\zh-cn.php
[ info ] [ ROUTE ] array (
  'type' => 'module',
  'module' => 
  array (
    0 => 'admin',
    1 => 'vct',
    2 => 'index',
  ),
)
[ info ] [ HEADER ] array (
  'cookie' => 'skin=0; skin=0; PHPSESSID=rbbhuh24f5cjn7el16b8rusre2',
  'accept-language' => 'zh-CN,zh;q=0.8,en;q=0.6',
  'accept-encoding' => 'gzip, deflate',
  'referer' => 'http://test.vct.com/index.php/admin/vct/index.html',
  'content-type' => 'application/x-www-form-urlencoded; charset=UTF-8',
  'user-agent' => 'Mozilla/5.0 (Windows NT 6.1; WOW64) AppleWebKit/537.36 (KHTML, like Gecko) Chrome/55.0.2883.87 Safari/537.36',
  'x-requested-with' => 'XMLHttpRequest',
  'origin' => 'http://test.vct.com',
  'accept' => 'application/json, text/javascript, */*; q=0.01',
  'content-length' => '15',
  'connection' => 'close',
  'host' => 'test.vct.com',
)
[ info ] [ PARAM ] array (
  'page' => '1',
  'limit' => '10',
)
[ info ] [ LANG ] E:\www\ajiance_vct/app/admin\lang\zh-cn.php
[ info ] [ SESSION ] INIT array (
  'id' => '',
  'var_session_id' => '',
  'prefix' => 'think',
  'type' => '',
  'auto_start' => true,
)
[ info ] [ RUN ] app\admin\controller\Vct->index[ E:\www\ajiance_vct\app\admin\controller\Vct.php ]
[ info ] [ DB ] INIT mysql
[ info ] [ LOG ] INIT File
[ sql ] [ DB ] CONNECT:[ UseTime:0.095006s ] mysql:dbname=qingcai_vct;host=123.56.90.223;port=3306;charset=utf8
[ sql ] [ SQL ] SHOW COLUMNS FROM `clt_vct` [ RunTime:0.066003s ]
[ sql ] [ SQL ] SELECT COUNT(*) AS tp_count FROM `clt_vct` `a` LEFT JOIN `clt_role` `b` ON `a`.`role_id`=`b`.`id` INNER JOIN `clt_admin` `c` ON `a`.`aid`=`c`.`admin_id` WHERE  ( `a`.`username` LIKE '%%' OR `a`.`idcard` LIKE '%%' OR `a`.`phone` LIKE '%%' OR `a`.`address` LIKE '%%' OR `a`.`jiance_bianhao` LIKE '%%' OR `a`.`gift` LIKE '%%' ) LIMIT 1 [ RunTime:0.063004s ]
[ sql ] [ SQL ] SELECT `a`.*,b.name as zixundian,c.username as admin_name FROM `clt_vct` `a` LEFT JOIN `clt_role` `b` ON `a`.`role_id`=`b`.`id` INNER JOIN `clt_admin` `c` ON `a`.`aid`=`c`.`admin_id` WHERE  ( `a`.`username` LIKE '%%' OR `a`.`idcard` LIKE '%%' OR `a`.`phone` LIKE '%%' OR `a`.`address` LIKE '%%' OR `a`.`jiance_bianhao` LIKE '%%' OR `a`.`gift` LIKE '%%' ) ORDER BY a.addtime desc LIMIT 0,10 [ RunTime:0.065004s ]
---------------------------------------------------------------
[ 2018-01-08T00:03:22+08:00 ] 127.0.0.1 127.0.0.1 GET /index.php/admin/vct/edit.html?id=4
[ info ] test.vct.com/index.php/admin/vct/edit.html?id=4 [运行时间：0.256014s][吞吐率：3.91req/s] [内存消耗：1,967.74kb] [文件加载：54]
[ info ] [ LANG ] E:\www\ajiance_vct\think\lang\zh-cn.php
[ info ] [ ROUTE ] array (
  'type' => 'module',
  'module' => 
  array (
    0 => 'admin',
    1 => 'vct',
    2 => 'edit',
  ),
)
[ info ] [ HEADER ] array (
  'cookie' => 'skin=0; skin=0; PHPSESSID=rbbhuh24f5cjn7el16b8rusre2',
  'accept-language' => 'zh-CN,zh;q=0.8,en;q=0.6',
  'accept-encoding' => 'gzip, deflate, sdch',
  'referer' => 'http://test.vct.com/index.php/admin/vct/index.html',
  'accept' => 'text/html,application/xhtml+xml,application/xml;q=0.9,image/webp,*/*;q=0.8',
  'user-agent' => 'Mozilla/5.0 (Windows NT 6.1; WOW64) AppleWebKit/537.36 (KHTML, like Gecko) Chrome/55.0.2883.87 Safari/537.36',
  'upgrade-insecure-requests' => '1',
  'connection' => 'close',
  'host' => 'test.vct.com',
)
[ info ] [ PARAM ] array (
  'id' => '4',
)
[ info ] [ LANG ] E:\www\ajiance_vct/app/admin\lang\zh-cn.php
[ info ] [ SESSION ] INIT array (
  'id' => '',
  'var_session_id' => '',
  'prefix' => 'think',
  'type' => '',
  'auto_start' => true,
)
[ info ] [ RUN ] app\admin\controller\Vct->edit[ E:\www\ajiance_vct\app\admin\controller\Vct.php ]
[ info ] [ DB ] INIT mysql
[ info ] [ VIEW ] E:\www\ajiance_vct/app/admin\view\vct\form.html [ array (
  0 => 'info',
  1 => 'title',
) ]
[ info ] [ LOG ] INIT File
[ sql ] [ DB ] CONNECT:[ UseTime:0.097005s ] mysql:dbname=qingcai_vct;host=123.56.90.223;port=3306;charset=utf8
[ sql ] [ SQL ] SHOW COLUMNS FROM `clt_vct` [ RunTime:0.070004s ]
[ sql ] [ SQL ] SELECT * FROM `clt_vct` WHERE  `id` = 4 LIMIT 1 [ RunTime:0.067004s ]
---------------------------------------------------------------
[ 2018-01-08T00:03:26+08:00 ] 127.0.0.1 127.0.0.1 GET /index.php/admin/vct/index.html
[ info ] test.vct.com/index.php/admin/vct/index.html [运行时间：0.015001s][吞吐率：66.66req/s] [内存消耗：1,352.70kb] [文件加载：47]
[ info ] [ LANG ] E:\www\ajiance_vct\think\lang\zh-cn.php
[ info ] [ ROUTE ] array (
  'type' => 'module',
  'module' => 
  array (
    0 => 'admin',
    1 => 'vct',
    2 => 'index',
  ),
)
[ info ] [ HEADER ] array (
  'cookie' => 'skin=0; skin=0; PHPSESSID=rbbhuh24f5cjn7el16b8rusre2',
  'accept-language' => 'zh-CN,zh;q=0.8,en;q=0.6',
  'accept-encoding' => 'gzip, deflate, sdch',
  'referer' => 'http://test.vct.com/index.php/admin/vct/edit.html?id=4',
  'accept' => 'text/html,application/xhtml+xml,application/xml;q=0.9,image/webp,*/*;q=0.8',
  'user-agent' => 'Mozilla/5.0 (Windows NT 6.1; WOW64) AppleWebKit/537.36 (KHTML, like Gecko) Chrome/55.0.2883.87 Safari/537.36',
  'upgrade-insecure-requests' => '1',
  'connection' => 'close',
  'host' => 'test.vct.com',
)
[ info ] [ PARAM ] array (
)
[ info ] [ LANG ] E:\www\ajiance_vct/app/admin\lang\zh-cn.php
[ info ] [ SESSION ] INIT array (
  'id' => '',
  'var_session_id' => '',
  'prefix' => 'think',
  'type' => '',
  'auto_start' => true,
)
[ info ] [ RUN ] app\admin\controller\Vct->index[ E:\www\ajiance_vct\app\admin\controller\Vct.php ]
[ info ] [ VIEW ] E:\www\ajiance_vct/app/admin\view\vct\index.html [ array (
) ]
[ info ] [ LOG ] INIT File
---------------------------------------------------------------
[ 2018-01-08T00:03:26+08:00 ] 127.0.0.1 127.0.0.1 POST /index.php/admin/vct/index.html
[ info ] test.vct.com/index.php/admin/vct/index.html [运行时间：0.327019s][吞吐率：3.06req/s] [内存消耗：2,027.41kb] [文件加载：56]
[ info ] [ LANG ] E:\www\ajiance_vct\think\lang\zh-cn.php
[ info ] [ ROUTE ] array (
  'type' => 'module',
  'module' => 
  array (
    0 => 'admin',
    1 => 'vct',
    2 => 'index',
  ),
)
[ info ] [ HEADER ] array (
  'cookie' => 'skin=0; skin=0; PHPSESSID=rbbhuh24f5cjn7el16b8rusre2',
  'accept-language' => 'zh-CN,zh;q=0.8,en;q=0.6',
  'accept-encoding' => 'gzip, deflate',
  'referer' => 'http://test.vct.com/index.php/admin/vct/index.html',
  'content-type' => 'application/x-www-form-urlencoded; charset=UTF-8',
  'user-agent' => 'Mozilla/5.0 (Windows NT 6.1; WOW64) AppleWebKit/537.36 (KHTML, like Gecko) Chrome/55.0.2883.87 Safari/537.36',
  'x-requested-with' => 'XMLHttpRequest',
  'origin' => 'http://test.vct.com',
  'accept' => 'application/json, text/javascript, */*; q=0.01',
  'content-length' => '15',
  'connection' => 'close',
  'host' => 'test.vct.com',
)
[ info ] [ PARAM ] array (
  'page' => '1',
  'limit' => '10',
)
[ info ] [ LANG ] E:\www\ajiance_vct/app/admin\lang\zh-cn.php
[ info ] [ SESSION ] INIT array (
  'id' => '',
  'var_session_id' => '',
  'prefix' => 'think',
  'type' => '',
  'auto_start' => true,
)
[ info ] [ RUN ] app\admin\controller\Vct->index[ E:\www\ajiance_vct\app\admin\controller\Vct.php ]
[ info ] [ DB ] INIT mysql
[ info ] [ LOG ] INIT File
[ sql ] [ DB ] CONNECT:[ UseTime:0.100006s ] mysql:dbname=qingcai_vct;host=123.56.90.223;port=3306;charset=utf8
[ sql ] [ SQL ] SHOW COLUMNS FROM `clt_vct` [ RunTime:0.070004s ]
[ sql ] [ SQL ] SELECT COUNT(*) AS tp_count FROM `clt_vct` `a` LEFT JOIN `clt_role` `b` ON `a`.`role_id`=`b`.`id` INNER JOIN `clt_admin` `c` ON `a`.`aid`=`c`.`admin_id` WHERE  ( `a`.`username` LIKE '%%' OR `a`.`idcard` LIKE '%%' OR `a`.`phone` LIKE '%%' OR `a`.`address` LIKE '%%' OR `a`.`jiance_bianhao` LIKE '%%' OR `a`.`gift` LIKE '%%' ) LIMIT 1 [ RunTime:0.068004s ]
[ sql ] [ SQL ] SELECT `a`.*,b.name as zixundian,c.username as admin_name FROM `clt_vct` `a` LEFT JOIN `clt_role` `b` ON `a`.`role_id`=`b`.`id` INNER JOIN `clt_admin` `c` ON `a`.`aid`=`c`.`admin_id` WHERE  ( `a`.`username` LIKE '%%' OR `a`.`idcard` LIKE '%%' OR `a`.`phone` LIKE '%%' OR `a`.`address` LIKE '%%' OR `a`.`jiance_bianhao` LIKE '%%' OR `a`.`gift` LIKE '%%' ) ORDER BY a.addtime desc LIMIT 0,10 [ RunTime:0.067004s ]
---------------------------------------------------------------
[ 2018-01-08T00:03:27+08:00 ] 127.0.0.1 127.0.0.1 GET /index.php/admin/vct/add.html
[ info ] test.vct.com/index.php/admin/vct/add.html [运行时间：0.016001s][吞吐率：62.50req/s] [内存消耗：1,392.81kb] [文件加载：50]
[ info ] [ LANG ] E:\www\ajiance_vct\think\lang\zh-cn.php
[ info ] [ ROUTE ] array (
  'type' => 'module',
  'module' => 
  array (
    0 => 'admin',
    1 => 'vct',
    2 => 'add',
  ),
)
[ info ] [ HEADER ] array (
  'cookie' => 'skin=0; skin=0; PHPSESSID=rbbhuh24f5cjn7el16b8rusre2',
  'accept-language' => 'zh-CN,zh;q=0.8,en;q=0.6',
  'accept-encoding' => 'gzip, deflate, sdch',
  'referer' => 'http://test.vct.com/index.php/admin/vct/index.html',
  'accept' => 'text/html,application/xhtml+xml,application/xml;q=0.9,image/webp,*/*;q=0.8',
  'user-agent' => 'Mozilla/5.0 (Windows NT 6.1; WOW64) AppleWebKit/537.36 (KHTML, like Gecko) Chrome/55.0.2883.87 Safari/537.36',
  'upgrade-insecure-requests' => '1',
  'connection' => 'close',
  'host' => 'test.vct.com',
)
[ info ] [ PARAM ] array (
)
[ info ] [ LANG ] E:\www\ajiance_vct/app/admin\lang\zh-cn.php
[ info ] [ SESSION ] INIT array (
  'id' => '',
  'var_session_id' => '',
  'prefix' => 'think',
  'type' => '',
  'auto_start' => true,
)
[ info ] [ RUN ] app\admin\controller\Vct->add[ E:\www\ajiance_vct\app\admin\controller\Vct.php ]
[ info ] [ VIEW ] E:\www\ajiance_vct/app/admin\view\vct\form.html [ array (
  0 => 'role_id',
  1 => 'title',
  2 => 'info',
) ]
[ info ] [ LOG ] INIT File
[ error ] [8]未定义变量: role_id[E:\www\ajiance_vct\app\admin\controller\Vct.php:158]
---------------------------------------------------------------
[ 2018-01-08T00:04:33+08:00 ] 127.0.0.1 127.0.0.1 GET /index.php/admin/vct/add.html
[ info ] test.vct.com/index.php/admin/vct/add.html [运行时间：0.026002s][吞吐率：38.46req/s] [内存消耗：1,535.09kb] [文件加载：52]
[ info ] [ LANG ] E:\www\ajiance_vct\think\lang\zh-cn.php
[ info ] [ ROUTE ] array (
  'type' => 'module',
  'module' => 
  array (
    0 => 'admin',
    1 => 'vct',
    2 => 'add',
  ),
)
[ info ] [ HEADER ] array (
  'cookie' => 'skin=0; skin=0; PHPSESSID=rbbhuh24f5cjn7el16b8rusre2',
  'accept-language' => 'zh-CN,zh;q=0.8,en;q=0.6',
  'accept-encoding' => 'gzip, deflate, sdch',
  'referer' => 'http://test.vct.com/index.php/admin/vct/index.html',
  'accept' => 'text/html,application/xhtml+xml,application/xml;q=0.9,image/webp,*/*;q=0.8',
  'user-agent' => 'Mozilla/5.0 (Windows NT 6.1; WOW64) AppleWebKit/537.36 (KHTML, like Gecko) Chrome/55.0.2883.87 Safari/537.36',
  'upgrade-insecure-requests' => '1',
  'cache-control' => 'max-age=0',
  'connection' => 'close',
  'host' => 'test.vct.com',
)
[ info ] [ PARAM ] array (
)
[ info ] [ LANG ] E:\www\ajiance_vct/app/admin\lang\zh-cn.php
[ info ] [ SESSION ] INIT array (
  'id' => '',
  'var_session_id' => '',
  'prefix' => 'think',
  'type' => '',
  'auto_start' => true,
)
[ info ] [ RUN ] app\admin\controller\Vct->add[ E:\www\ajiance_vct\app\admin\controller\Vct.php ]
[ info ] [ VIEW ] E:\www\ajiance_vct/app/admin\view\vct\form.html [ array (
  0 => 'role_id',
  1 => 'title',
  2 => 'info',
) ]
[ info ] [ LOG ] INIT File
[ error ] [8]未定义变量: role_id[E:\www\ajiance_vct\app\admin\controller\Vct.php:158]
---------------------------------------------------------------
[ 2018-01-08T00:04:36+08:00 ] 127.0.0.1 127.0.0.1 GET /index.php/admin/vct/index.html
[ info ] test.vct.com/index.php/admin/vct/index.html [运行时间：0.016001s][吞吐率：62.50req/s] [内存消耗：1,352.72kb] [文件加载：47]
[ info ] [ LANG ] E:\www\ajiance_vct\think\lang\zh-cn.php
[ info ] [ ROUTE ] array (
  'type' => 'module',
  'module' => 
  array (
    0 => 'admin',
    1 => 'vct',
    2 => 'index',
  ),
)
[ info ] [ HEADER ] array (
  'cookie' => 'skin=0; skin=0; PHPSESSID=rbbhuh24f5cjn7el16b8rusre2',
  'accept-language' => 'zh-CN,zh;q=0.8,en;q=0.6',
  'accept-encoding' => 'gzip, deflate, sdch',
  'referer' => 'http://test.vct.com/index.php/admin/vct/add.html',
  'accept' => 'text/html,application/xhtml+xml,application/xml;q=0.9,image/webp,*/*;q=0.8',
  'user-agent' => 'Mozilla/5.0 (Windows NT 6.1; WOW64) AppleWebKit/537.36 (KHTML, like Gecko) Chrome/55.0.2883.87 Safari/537.36',
  'upgrade-insecure-requests' => '1',
  'connection' => 'close',
  'host' => 'test.vct.com',
)
[ info ] [ PARAM ] array (
)
[ info ] [ LANG ] E:\www\ajiance_vct/app/admin\lang\zh-cn.php
[ info ] [ SESSION ] INIT array (
  'id' => '',
  'var_session_id' => '',
  'prefix' => 'think',
  'type' => '',
  'auto_start' => true,
)
[ info ] [ RUN ] app\admin\controller\Vct->index[ E:\www\ajiance_vct\app\admin\controller\Vct.php ]
[ info ] [ VIEW ] E:\www\ajiance_vct/app/admin\view\vct\index.html [ array (
) ]
[ info ] [ LOG ] INIT File
---------------------------------------------------------------
[ 2018-01-08T00:04:36+08:00 ] 127.0.0.1 127.0.0.1 POST /index.php/admin/vct/index.html
[ info ] test.vct.com/index.php/admin/vct/index.html [运行时间：0.337019s][吞吐率：2.97req/s] [内存消耗：2,027.36kb] [文件加载：56]
[ info ] [ LANG ] E:\www\ajiance_vct\think\lang\zh-cn.php
[ info ] [ ROUTE ] array (
  'type' => 'module',
  'module' => 
  array (
    0 => 'admin',
    1 => 'vct',
    2 => 'index',
  ),
)
[ info ] [ HEADER ] array (
  'cookie' => 'skin=0; skin=0; PHPSESSID=rbbhuh24f5cjn7el16b8rusre2',
  'accept-language' => 'zh-CN,zh;q=0.8,en;q=0.6',
  'accept-encoding' => 'gzip, deflate',
  'referer' => 'http://test.vct.com/index.php/admin/vct/index.html',
  'content-type' => 'application/x-www-form-urlencoded; charset=UTF-8',
  'user-agent' => 'Mozilla/5.0 (Windows NT 6.1; WOW64) AppleWebKit/537.36 (KHTML, like Gecko) Chrome/55.0.2883.87 Safari/537.36',
  'x-requested-with' => 'XMLHttpRequest',
  'origin' => 'http://test.vct.com',
  'accept' => 'application/json, text/javascript, */*; q=0.01',
  'content-length' => '15',
  'connection' => 'close',
  'host' => 'test.vct.com',
)
[ info ] [ PARAM ] array (
  'page' => '1',
  'limit' => '10',
)
[ info ] [ LANG ] E:\www\ajiance_vct/app/admin\lang\zh-cn.php
[ info ] [ SESSION ] INIT array (
  'id' => '',
  'var_session_id' => '',
  'prefix' => 'think',
  'type' => '',
  'auto_start' => true,
)
[ info ] [ RUN ] app\admin\controller\Vct->index[ E:\www\ajiance_vct\app\admin\controller\Vct.php ]
[ info ] [ DB ] INIT mysql
[ info ] [ LOG ] INIT File
[ sql ] [ DB ] CONNECT:[ UseTime:0.102006s ] mysql:dbname=qingcai_vct;host=123.56.90.223;port=3306;charset=utf8
[ sql ] [ SQL ] SHOW COLUMNS FROM `clt_vct` [ RunTime:0.070004s ]
[ sql ] [ SQL ] SELECT COUNT(*) AS tp_count FROM `clt_vct` `a` LEFT JOIN `clt_role` `b` ON `a`.`role_id`=`b`.`id` INNER JOIN `clt_admin` `c` ON `a`.`aid`=`c`.`admin_id` WHERE  ( `a`.`username` LIKE '%%' OR `a`.`idcard` LIKE '%%' OR `a`.`phone` LIKE '%%' OR `a`.`address` LIKE '%%' OR `a`.`jiance_bianhao` LIKE '%%' OR `a`.`gift` LIKE '%%' ) LIMIT 1 [ RunTime:0.071004s ]
[ sql ] [ SQL ] SELECT `a`.*,b.name as zixundian,c.username as admin_name FROM `clt_vct` `a` LEFT JOIN `clt_role` `b` ON `a`.`role_id`=`b`.`id` INNER JOIN `clt_admin` `c` ON `a`.`aid`=`c`.`admin_id` WHERE  ( `a`.`username` LIKE '%%' OR `a`.`idcard` LIKE '%%' OR `a`.`phone` LIKE '%%' OR `a`.`address` LIKE '%%' OR `a`.`jiance_bianhao` LIKE '%%' OR `a`.`gift` LIKE '%%' ) ORDER BY a.addtime desc LIMIT 0,10 [ RunTime:0.068004s ]
---------------------------------------------------------------
[ 2018-01-08T00:04:37+08:00 ] 127.0.0.1 127.0.0.1 GET /index.php/admin/vct/edit.html?id=4
[ info ] test.vct.com/index.php/admin/vct/edit.html?id=4 [运行时间：0.246014s][吞吐率：4.06req/s] [内存消耗：1,967.71kb] [文件加载：54]
[ info ] [ LANG ] E:\www\ajiance_vct\think\lang\zh-cn.php
[ info ] [ ROUTE ] array (
  'type' => 'module',
  'module' => 
  array (
    0 => 'admin',
    1 => 'vct',
    2 => 'edit',
  ),
)
[ info ] [ HEADER ] array (
  'cookie' => 'skin=0; skin=0; PHPSESSID=rbbhuh24f5cjn7el16b8rusre2',
  'accept-language' => 'zh-CN,zh;q=0.8,en;q=0.6',
  'accept-encoding' => 'gzip, deflate, sdch',
  'referer' => 'http://test.vct.com/index.php/admin/vct/index.html',
  'accept' => 'text/html,application/xhtml+xml,application/xml;q=0.9,image/webp,*/*;q=0.8',
  'user-agent' => 'Mozilla/5.0 (Windows NT 6.1; WOW64) AppleWebKit/537.36 (KHTML, like Gecko) Chrome/55.0.2883.87 Safari/537.36',
  'upgrade-insecure-requests' => '1',
  'connection' => 'close',
  'host' => 'test.vct.com',
)
[ info ] [ PARAM ] array (
  'id' => '4',
)
[ info ] [ LANG ] E:\www\ajiance_vct/app/admin\lang\zh-cn.php
[ info ] [ SESSION ] INIT array (
  'id' => '',
  'var_session_id' => '',
  'prefix' => 'think',
  'type' => '',
  'auto_start' => true,
)
[ info ] [ RUN ] app\admin\controller\Vct->edit[ E:\www\ajiance_vct\app\admin\controller\Vct.php ]
[ info ] [ DB ] INIT mysql
[ info ] [ VIEW ] E:\www\ajiance_vct/app/admin\view\vct\form.html [ array (
  0 => 'info',
  1 => 'title',
) ]
[ info ] [ LOG ] INIT File
[ sql ] [ DB ] CONNECT:[ UseTime:0.095006s ] mysql:dbname=qingcai_vct;host=123.56.90.223;port=3306;charset=utf8
[ sql ] [ SQL ] SHOW COLUMNS FROM `clt_vct` [ RunTime:0.067003s ]
[ sql ] [ SQL ] SELECT * FROM `clt_vct` WHERE  `id` = 4 LIMIT 1 [ RunTime:0.064004s ]
---------------------------------------------------------------
[ 2018-01-08T00:04:39+08:00 ] 127.0.0.1 127.0.0.1 GET /index.php/admin/vct/index.html
[ info ] test.vct.com/index.php/admin/vct/index.html [运行时间：0.016001s][吞吐率：62.50req/s] [内存消耗：1,352.70kb] [文件加载：47]
[ info ] [ LANG ] E:\www\ajiance_vct\think\lang\zh-cn.php
[ info ] [ ROUTE ] array (
  'type' => 'module',
  'module' => 
  array (
    0 => 'admin',
    1 => 'vct',
    2 => 'index',
  ),
)
[ info ] [ HEADER ] array (
  'cookie' => 'skin=0; skin=0; PHPSESSID=rbbhuh24f5cjn7el16b8rusre2',
  'accept-language' => 'zh-CN,zh;q=0.8,en;q=0.6',
  'accept-encoding' => 'gzip, deflate, sdch',
  'referer' => 'http://test.vct.com/index.php/admin/vct/edit.html?id=4',
  'accept' => 'text/html,application/xhtml+xml,application/xml;q=0.9,image/webp,*/*;q=0.8',
  'user-agent' => 'Mozilla/5.0 (Windows NT 6.1; WOW64) AppleWebKit/537.36 (KHTML, like Gecko) Chrome/55.0.2883.87 Safari/537.36',
  'upgrade-insecure-requests' => '1',
  'connection' => 'close',
  'host' => 'test.vct.com',
)
[ info ] [ PARAM ] array (
)
[ info ] [ LANG ] E:\www\ajiance_vct/app/admin\lang\zh-cn.php
[ info ] [ SESSION ] INIT array (
  'id' => '',
  'var_session_id' => '',
  'prefix' => 'think',
  'type' => '',
  'auto_start' => true,
)
[ info ] [ RUN ] app\admin\controller\Vct->index[ E:\www\ajiance_vct\app\admin\controller\Vct.php ]
[ info ] [ VIEW ] E:\www\ajiance_vct/app/admin\view\vct\index.html [ array (
) ]
[ info ] [ LOG ] INIT File
---------------------------------------------------------------
[ 2018-01-08T00:04:40+08:00 ] 127.0.0.1 127.0.0.1 POST /index.php/admin/vct/index.html
[ info ] test.vct.com/index.php/admin/vct/index.html [运行时间：0.346020s][吞吐率：2.89req/s] [内存消耗：2,027.41kb] [文件加载：56]
[ info ] [ LANG ] E:\www\ajiance_vct\think\lang\zh-cn.php
[ info ] [ ROUTE ] array (
  'type' => 'module',
  'module' => 
  array (
    0 => 'admin',
    1 => 'vct',
    2 => 'index',
  ),
)
[ info ] [ HEADER ] array (
  'cookie' => 'skin=0; skin=0; PHPSESSID=rbbhuh24f5cjn7el16b8rusre2',
  'accept-language' => 'zh-CN,zh;q=0.8,en;q=0.6',
  'accept-encoding' => 'gzip, deflate',
  'referer' => 'http://test.vct.com/index.php/admin/vct/index.html',
  'content-type' => 'application/x-www-form-urlencoded; charset=UTF-8',
  'user-agent' => 'Mozilla/5.0 (Windows NT 6.1; WOW64) AppleWebKit/537.36 (KHTML, like Gecko) Chrome/55.0.2883.87 Safari/537.36',
  'x-requested-with' => 'XMLHttpRequest',
  'origin' => 'http://test.vct.com',
  'accept' => 'application/json, text/javascript, */*; q=0.01',
  'content-length' => '15',
  'connection' => 'close',
  'host' => 'test.vct.com',
)
[ info ] [ PARAM ] array (
  'page' => '1',
  'limit' => '10',
)
[ info ] [ LANG ] E:\www\ajiance_vct/app/admin\lang\zh-cn.php
[ info ] [ SESSION ] INIT array (
  'id' => '',
  'var_session_id' => '',
  'prefix' => 'think',
  'type' => '',
  'auto_start' => true,
)
[ info ] [ RUN ] app\admin\controller\Vct->index[ E:\www\ajiance_vct\app\admin\controller\Vct.php ]
[ info ] [ DB ] INIT mysql
[ info ] [ LOG ] INIT File
[ sql ] [ DB ] CONNECT:[ UseTime:0.106006s ] mysql:dbname=qingcai_vct;host=123.56.90.223;port=3306;charset=utf8
[ sql ] [ SQL ] SHOW COLUMNS FROM `clt_vct` [ RunTime:0.073004s ]
[ sql ] [ SQL ] SELECT COUNT(*) AS tp_count FROM `clt_vct` `a` LEFT JOIN `clt_role` `b` ON `a`.`role_id`=`b`.`id` INNER JOIN `clt_admin` `c` ON `a`.`aid`=`c`.`admin_id` WHERE  ( `a`.`username` LIKE '%%' OR `a`.`idcard` LIKE '%%' OR `a`.`phone` LIKE '%%' OR `a`.`address` LIKE '%%' OR `a`.`jiance_bianhao` LIKE '%%' OR `a`.`gift` LIKE '%%' ) LIMIT 1 [ RunTime:0.072005s ]
[ sql ] [ SQL ] SELECT `a`.*,b.name as zixundian,c.username as admin_name FROM `clt_vct` `a` LEFT JOIN `clt_role` `b` ON `a`.`role_id`=`b`.`id` INNER JOIN `clt_admin` `c` ON `a`.`aid`=`c`.`admin_id` WHERE  ( `a`.`username` LIKE '%%' OR `a`.`idcard` LIKE '%%' OR `a`.`phone` LIKE '%%' OR `a`.`address` LIKE '%%' OR `a`.`jiance_bianhao` LIKE '%%' OR `a`.`gift` LIKE '%%' ) ORDER BY a.addtime desc LIMIT 0,10 [ RunTime:0.073004s ]
---------------------------------------------------------------
[ 2018-01-08T00:04:41+08:00 ] 127.0.0.1 127.0.0.1 GET /index.php/admin/vct/edit.html?id=4
[ info ] test.vct.com/index.php/admin/vct/edit.html?id=4 [运行时间：0.276016s][吞吐率：3.62req/s] [内存消耗：1,967.71kb] [文件加载：54]
[ info ] [ LANG ] E:\www\ajiance_vct\think\lang\zh-cn.php
[ info ] [ ROUTE ] array (
  'type' => 'module',
  'module' => 
  array (
    0 => 'admin',
    1 => 'vct',
    2 => 'edit',
  ),
)
[ info ] [ HEADER ] array (
  'cookie' => 'skin=0; skin=0; PHPSESSID=rbbhuh24f5cjn7el16b8rusre2',
  'accept-language' => 'zh-CN,zh;q=0.8,en;q=0.6',
  'accept-encoding' => 'gzip, deflate, sdch',
  'referer' => 'http://test.vct.com/index.php/admin/vct/index.html',
  'accept' => 'text/html,application/xhtml+xml,application/xml;q=0.9,image/webp,*/*;q=0.8',
  'user-agent' => 'Mozilla/5.0 (Windows NT 6.1; WOW64) AppleWebKit/537.36 (KHTML, like Gecko) Chrome/55.0.2883.87 Safari/537.36',
  'upgrade-insecure-requests' => '1',
  'connection' => 'close',
  'host' => 'test.vct.com',
)
[ info ] [ PARAM ] array (
  'id' => '4',
)
[ info ] [ LANG ] E:\www\ajiance_vct/app/admin\lang\zh-cn.php
[ info ] [ SESSION ] INIT array (
  'id' => '',
  'var_session_id' => '',
  'prefix' => 'think',
  'type' => '',
  'auto_start' => true,
)
[ info ] [ RUN ] app\admin\controller\Vct->edit[ E:\www\ajiance_vct\app\admin\controller\Vct.php ]
[ info ] [ DB ] INIT mysql
[ info ] [ VIEW ] E:\www\ajiance_vct/app/admin\view\vct\form.html [ array (
  0 => 'info',
  1 => 'title',
) ]
[ info ] [ LOG ] INIT File
[ sql ] [ DB ] CONNECT:[ UseTime:0.109007s ] mysql:dbname=qingcai_vct;host=123.56.90.223;port=3306;charset=utf8
[ sql ] [ SQL ] SHOW COLUMNS FROM `clt_vct` [ RunTime:0.074004s ]
[ sql ] [ SQL ] SELECT * FROM `clt_vct` WHERE  `id` = 4 LIMIT 1 [ RunTime:0.072004s ]
---------------------------------------------------------------
[ 2018-01-08T00:04:57+08:00 ] 127.0.0.1 127.0.0.1 GET /index.php/admin/index/index.html
[ info ] test.vct.com/index.php/admin/index/index.html [运行时间：0.018001s][吞吐率：55.55req/s] [内存消耗：1,410.03kb] [文件加载：50]
[ info ] [ LANG ] E:\www\ajiance_vct\think\lang\zh-cn.php
[ info ] [ ROUTE ] array (
  'type' => 'module',
  'module' => 
  array (
    0 => 'admin',
    1 => 'index',
    2 => 'index',
  ),
)
[ info ] [ HEADER ] array (
  'cookie' => 'skin=0; skin=0; PHPSESSID=rbbhuh24f5cjn7el16b8rusre2',
  'accept-language' => 'zh-CN,zh;q=0.8,en;q=0.6',
  'accept-encoding' => 'gzip, deflate, sdch',
  'referer' => 'http://test.vct.com/index.php/admin/index/index.html',
  'accept' => 'text/html,application/xhtml+xml,application/xml;q=0.9,image/webp,*/*;q=0.8',
  'user-agent' => 'Mozilla/5.0 (Windows NT 6.1; WOW64) AppleWebKit/537.36 (KHTML, like Gecko) Chrome/55.0.2883.87 Safari/537.36',
  'upgrade-insecure-requests' => '1',
  'cache-control' => 'max-age=0',
  'connection' => 'close',
  'host' => 'test.vct.com',
)
[ info ] [ PARAM ] array (
)
[ info ] [ LANG ] E:\www\ajiance_vct/app/admin\lang\zh-cn.php
[ info ] [ SESSION ] INIT array (
  'id' => '',
  'var_session_id' => '',
  'prefix' => 'think',
  'type' => '',
  'auto_start' => true,
)
[ info ] [ RUN ] app\admin\controller\Index->index[ E:\www\ajiance_vct\app\admin\controller\Index.php ]
[ info ] [ CACHE ] INIT File
[ info ] [ VIEW ] E:\www\ajiance_vct/app/admin\view\index\index.html [ array (
  0 => 'menus',
) ]
[ info ] [ LOG ] INIT File
---------------------------------------------------------------
[ 2018-01-08T00:04:57+08:00 ] 127.0.0.1 127.0.0.1 GET /index.php/admin/index/main.html
[ info ] test.vct.com/index.php/admin/index/main.html [运行时间：0.168010s][吞吐率：5.95req/s] [内存消耗：1,459.02kb] [文件加载：50]
[ info ] [ LANG ] E:\www\ajiance_vct\think\lang\zh-cn.php
[ info ] [ ROUTE ] array (
  'type' => 'module',
  'module' => 
  array (
    0 => 'admin',
    1 => 'index',
    2 => 'main',
  ),
)
[ info ] [ HEADER ] array (
  'cookie' => 'skin=0; skin=0; PHPSESSID=rbbhuh24f5cjn7el16b8rusre2',
  'accept-language' => 'zh-CN,zh;q=0.8,en;q=0.6',
  'accept-encoding' => 'gzip, deflate, sdch',
  'referer' => 'http://test.vct.com/index.php/admin/index/index.html',
  'accept' => 'text/html,application/xhtml+xml,application/xml;q=0.9,image/webp,*/*;q=0.8',
  'user-agent' => 'Mozilla/5.0 (Windows NT 6.1; WOW64) AppleWebKit/537.36 (KHTML, like Gecko) Chrome/55.0.2883.87 Safari/537.36',
  'upgrade-insecure-requests' => '1',
  'connection' => 'close',
  'host' => 'test.vct.com',
)
[ info ] [ PARAM ] array (
)
[ info ] [ LANG ] E:\www\ajiance_vct/app/admin\lang\zh-cn.php
[ info ] [ SESSION ] INIT array (
  'id' => '',
  'var_session_id' => '',
  'prefix' => 'think',
  'type' => '',
  'auto_start' => true,
)
[ info ] [ RUN ] app\admin\controller\Index->main[ E:\www\ajiance_vct\app\admin\controller\Index.php ]
[ info ] [ DB ] INIT mysql
[ info ] [ VIEW ] E:\www\ajiance_vct/app/admin\view\index\main.html [ array (
  0 => 'config',
) ]
[ info ] [ LOG ] INIT File
[ sql ] [ DB ] CONNECT:[ UseTime:0.090005s ] mysql:dbname=qingcai_vct;host=123.56.90.223;port=3306;charset=utf8
[ sql ] [ SQL ] SELECT VERSION() AS ver [ RunTime:0.060004s ]
---------------------------------------------------------------
[ 2018-01-08T00:05:00+08:00 ] 127.0.0.1 127.0.0.1 GET /index.php/admin/Vct/index.html
[ info ] test.vct.com/index.php/admin/Vct/index.html [运行时间：0.017001s][吞吐率：58.82req/s] [内存消耗：1,352.70kb] [文件加载：47]
[ info ] [ LANG ] E:\www\ajiance_vct\think\lang\zh-cn.php
[ info ] [ ROUTE ] array (
  'type' => 'module',
  'module' => 
  array (
    0 => 'admin',
    1 => 'Vct',
    2 => 'index',
  ),
)
[ info ] [ HEADER ] array (
  'cookie' => 'skin=0; skin=0; PHPSESSID=rbbhuh24f5cjn7el16b8rusre2',
  'accept-language' => 'zh-CN,zh;q=0.8,en;q=0.6',
  'accept-encoding' => 'gzip, deflate, sdch',
  'referer' => 'http://test.vct.com/index.php/admin/index/index.html',
  'accept' => 'text/html,application/xhtml+xml,application/xml;q=0.9,image/webp,*/*;q=0.8',
  'user-agent' => 'Mozilla/5.0 (Windows NT 6.1; WOW64) AppleWebKit/537.36 (KHTML, like Gecko) Chrome/55.0.2883.87 Safari/537.36',
  'upgrade-insecure-requests' => '1',
  'connection' => 'close',
  'host' => 'test.vct.com',
)
[ info ] [ PARAM ] array (
)
[ info ] [ LANG ] E:\www\ajiance_vct/app/admin\lang\zh-cn.php
[ info ] [ SESSION ] INIT array (
  'id' => '',
  'var_session_id' => '',
  'prefix' => 'think',
  'type' => '',
  'auto_start' => true,
)
[ info ] [ RUN ] app\admin\controller\Vct->index[ E:\www\ajiance_vct\app\admin\controller\Vct.php ]
[ info ] [ VIEW ] E:\www\ajiance_vct/app/admin\view\vct\index.html [ array (
) ]
[ info ] [ LOG ] INIT File
---------------------------------------------------------------
[ 2018-01-08T00:05:00+08:00 ] 127.0.0.1 127.0.0.1 POST /index.php/admin/vct/index.html
[ info ] test.vct.com/index.php/admin/vct/index.html [运行时间：0.320019s][吞吐率：3.12req/s] [内存消耗：2,027.41kb] [文件加载：56]
[ info ] [ LANG ] E:\www\ajiance_vct\think\lang\zh-cn.php
[ info ] [ ROUTE ] array (
  'type' => 'module',
  'module' => 
  array (
    0 => 'admin',
    1 => 'vct',
    2 => 'index',
  ),
)
[ info ] [ HEADER ] array (
  'cookie' => 'skin=0; skin=0; PHPSESSID=rbbhuh24f5cjn7el16b8rusre2',
  'accept-language' => 'zh-CN,zh;q=0.8,en;q=0.6',
  'accept-encoding' => 'gzip, deflate',
  'referer' => 'http://test.vct.com/index.php/admin/Vct/index.html',
  'content-type' => 'application/x-www-form-urlencoded; charset=UTF-8',
  'user-agent' => 'Mozilla/5.0 (Windows NT 6.1; WOW64) AppleWebKit/537.36 (KHTML, like Gecko) Chrome/55.0.2883.87 Safari/537.36',
  'x-requested-with' => 'XMLHttpRequest',
  'origin' => 'http://test.vct.com',
  'accept' => 'application/json, text/javascript, */*; q=0.01',
  'content-length' => '15',
  'connection' => 'close',
  'host' => 'test.vct.com',
)
[ info ] [ PARAM ] array (
  'page' => '1',
  'limit' => '10',
)
[ info ] [ LANG ] E:\www\ajiance_vct/app/admin\lang\zh-cn.php
[ info ] [ SESSION ] INIT array (
  'id' => '',
  'var_session_id' => '',
  'prefix' => 'think',
  'type' => '',
  'auto_start' => true,
)
[ info ] [ RUN ] app\admin\controller\Vct->index[ E:\www\ajiance_vct\app\admin\controller\Vct.php ]
[ info ] [ DB ] INIT mysql
[ info ] [ LOG ] INIT File
[ sql ] [ DB ] CONNECT:[ UseTime:0.096006s ] mysql:dbname=qingcai_vct;host=123.56.90.223;port=3306;charset=utf8
[ sql ] [ SQL ] SHOW COLUMNS FROM `clt_vct` [ RunTime:0.067004s ]
[ sql ] [ SQL ] SELECT COUNT(*) AS tp_count FROM `clt_vct` `a` LEFT JOIN `clt_role` `b` ON `a`.`role_id`=`b`.`id` INNER JOIN `clt_admin` `c` ON `a`.`aid`=`c`.`admin_id` WHERE  ( `a`.`username` LIKE '%%' OR `a`.`idcard` LIKE '%%' OR `a`.`phone` LIKE '%%' OR `a`.`address` LIKE '%%' OR `a`.`jiance_bianhao` LIKE '%%' OR `a`.`gift` LIKE '%%' ) LIMIT 1 [ RunTime:0.068004s ]
[ sql ] [ SQL ] SELECT `a`.*,b.name as zixundian,c.username as admin_name FROM `clt_vct` `a` LEFT JOIN `clt_role` `b` ON `a`.`role_id`=`b`.`id` INNER JOIN `clt_admin` `c` ON `a`.`aid`=`c`.`admin_id` WHERE  ( `a`.`username` LIKE '%%' OR `a`.`idcard` LIKE '%%' OR `a`.`phone` LIKE '%%' OR `a`.`address` LIKE '%%' OR `a`.`jiance_bianhao` LIKE '%%' OR `a`.`gift` LIKE '%%' ) ORDER BY a.addtime desc LIMIT 0,10 [ RunTime:0.065003s ]
---------------------------------------------------------------
[ 2018-01-08T00:05:02+08:00 ] 127.0.0.1 127.0.0.1 POST /index.php/admin/vct/del.html
[ info ] test.vct.com/index.php/admin/vct/del.html [运行时间：0.272016s][吞吐率：3.68req/s] [内存消耗：1,974.85kb] [文件加载：56]
[ info ] [ LANG ] E:\www\ajiance_vct\think\lang\zh-cn.php
[ info ] [ ROUTE ] array (
  'type' => 'module',
  'module' => 
  array (
    0 => 'admin',
    1 => 'vct',
    2 => 'del',
  ),
)
[ info ] [ HEADER ] array (
  'cookie' => 'skin=0; skin=0; PHPSESSID=rbbhuh24f5cjn7el16b8rusre2',
  'accept-language' => 'zh-CN,zh;q=0.8,en;q=0.6',
  'accept-encoding' => 'gzip, deflate',
  'referer' => 'http://test.vct.com/index.php/admin/Vct/index.html',
  'content-type' => 'application/x-www-form-urlencoded; charset=UTF-8',
  'user-agent' => 'Mozilla/5.0 (Windows NT 6.1; WOW64) AppleWebKit/537.36 (KHTML, like Gecko) Chrome/55.0.2883.87 Safari/537.36',
  'x-requested-with' => 'XMLHttpRequest',
  'origin' => 'http://test.vct.com',
  'accept' => '*/*',
  'content-length' => '4',
  'connection' => 'close',
  'host' => 'test.vct.com',
)
[ info ] [ PARAM ] array (
  'id' => '4',
)
[ info ] [ LANG ] E:\www\ajiance_vct/app/admin\lang\zh-cn.php
[ info ] [ SESSION ] INIT array (
  'id' => '',
  'var_session_id' => '',
  'prefix' => 'think',
  'type' => '',
  'auto_start' => true,
)
[ info ] [ RUN ] app\admin\controller\Vct->del[ E:\www\ajiance_vct\app\admin\controller\Vct.php ]
[ info ] [ DB ] INIT mysql
[ info ] [ CACHE ] INIT File
[ info ] [ LOG ] INIT File
[ sql ] [ DB ] CONNECT:[ UseTime:0.105006s ] mysql:dbname=qingcai_vct;host=123.56.90.223;port=3306;charset=utf8
[ sql ] [ SQL ] SHOW COLUMNS FROM `clt_vct` [ RunTime:0.073004s ]
[ sql ] [ SQL ] DELETE FROM `clt_vct`    WHERE  `id` = 4 [ RunTime:0.071004s ]
---------------------------------------------------------------
[ 2018-01-08T00:05:02+08:00 ] 127.0.0.1 127.0.0.1 POST /index.php/admin/vct/index.html
[ info ] test.vct.com/index.php/admin/vct/index.html [运行时间：0.327018s][吞吐率：3.06req/s] [内存消耗：2,026.07kb] [文件加载：56]
[ info ] [ LANG ] E:\www\ajiance_vct\think\lang\zh-cn.php
[ info ] [ ROUTE ] array (
  'type' => 'module',
  'module' => 
  array (
    0 => 'admin',
    1 => 'vct',
    2 => 'index',
  ),
)
[ info ] [ HEADER ] array (
  'cookie' => 'skin=0; skin=0; PHPSESSID=rbbhuh24f5cjn7el16b8rusre2',
  'accept-language' => 'zh-CN,zh;q=0.8,en;q=0.6',
  'accept-encoding' => 'gzip, deflate',
  'referer' => 'http://test.vct.com/index.php/admin/Vct/index.html',
  'content-type' => 'application/x-www-form-urlencoded; charset=UTF-8',
  'user-agent' => 'Mozilla/5.0 (Windows NT 6.1; WOW64) AppleWebKit/537.36 (KHTML, like Gecko) Chrome/55.0.2883.87 Safari/537.36',
  'x-requested-with' => 'XMLHttpRequest',
  'origin' => 'http://test.vct.com',
  'accept' => 'application/json, text/javascript, */*; q=0.01',
  'content-length' => '15',
  'connection' => 'close',
  'host' => 'test.vct.com',
)
[ info ] [ PARAM ] array (
  'page' => '1',
  'limit' => '10',
)
[ info ] [ LANG ] E:\www\ajiance_vct/app/admin\lang\zh-cn.php
[ info ] [ SESSION ] INIT array (
  'id' => '',
  'var_session_id' => '',
  'prefix' => 'think',
  'type' => '',
  'auto_start' => true,
)
[ info ] [ RUN ] app\admin\controller\Vct->index[ E:\www\ajiance_vct\app\admin\controller\Vct.php ]
[ info ] [ DB ] INIT mysql
[ info ] [ LOG ] INIT File
[ sql ] [ DB ] CONNECT:[ UseTime:0.101006s ] mysql:dbname=qingcai_vct;host=123.56.90.223;port=3306;charset=utf8
[ sql ] [ SQL ] SHOW COLUMNS FROM `clt_vct` [ RunTime:0.069004s ]
[ sql ] [ SQL ] SELECT COUNT(*) AS tp_count FROM `clt_vct` `a` LEFT JOIN `clt_role` `b` ON `a`.`role_id`=`b`.`id` INNER JOIN `clt_admin` `c` ON `a`.`aid`=`c`.`admin_id` WHERE  ( `a`.`username` LIKE '%%' OR `a`.`idcard` LIKE '%%' OR `a`.`phone` LIKE '%%' OR `a`.`address` LIKE '%%' OR `a`.`jiance_bianhao` LIKE '%%' OR `a`.`gift` LIKE '%%' ) LIMIT 1 [ RunTime:0.067003s ]
[ sql ] [ SQL ] SELECT `a`.*,b.name as zixundian,c.username as admin_name FROM `clt_vct` `a` LEFT JOIN `clt_role` `b` ON `a`.`role_id`=`b`.`id` INNER JOIN `clt_admin` `c` ON `a`.`aid`=`c`.`admin_id` WHERE  ( `a`.`username` LIKE '%%' OR `a`.`idcard` LIKE '%%' OR `a`.`phone` LIKE '%%' OR `a`.`address` LIKE '%%' OR `a`.`jiance_bianhao` LIKE '%%' OR `a`.`gift` LIKE '%%' ) ORDER BY a.addtime desc LIMIT 0,10 [ RunTime:0.066003s ]
---------------------------------------------------------------
[ 2018-01-08T00:05:04+08:00 ] 127.0.0.1 127.0.0.1 GET /index.php/admin/vct/add.html
[ info ] test.vct.com/index.php/admin/vct/add.html [运行时间：0.017001s][吞吐率：58.82req/s] [内存消耗：1,392.84kb] [文件加载：50]
[ info ] [ LANG ] E:\www\ajiance_vct\think\lang\zh-cn.php
[ info ] [ ROUTE ] array (
  'type' => 'module',
  'module' => 
  array (
    0 => 'admin',
    1 => 'vct',
    2 => 'add',
  ),
)
[ info ] [ HEADER ] array (
  'cookie' => 'skin=0; skin=0; PHPSESSID=rbbhuh24f5cjn7el16b8rusre2',
  'accept-language' => 'zh-CN,zh;q=0.8,en;q=0.6',
  'accept-encoding' => 'gzip, deflate, sdch',
  'referer' => 'http://test.vct.com/index.php/admin/Vct/index.html',
  'accept' => 'text/html,application/xhtml+xml,application/xml;q=0.9,image/webp,*/*;q=0.8',
  'user-agent' => 'Mozilla/5.0 (Windows NT 6.1; WOW64) AppleWebKit/537.36 (KHTML, like Gecko) Chrome/55.0.2883.87 Safari/537.36',
  'upgrade-insecure-requests' => '1',
  'connection' => 'close',
  'host' => 'test.vct.com',
)
[ info ] [ PARAM ] array (
)
[ info ] [ LANG ] E:\www\ajiance_vct/app/admin\lang\zh-cn.php
[ info ] [ SESSION ] INIT array (
  'id' => '',
  'var_session_id' => '',
  'prefix' => 'think',
  'type' => '',
  'auto_start' => true,
)
[ info ] [ RUN ] app\admin\controller\Vct->add[ E:\www\ajiance_vct\app\admin\controller\Vct.php ]
[ info ] [ VIEW ] E:\www\ajiance_vct/app/admin\view\vct\form.html [ array (
  0 => 'role_id',
  1 => 'title',
  2 => 'info',
) ]
[ info ] [ LOG ] INIT File
[ error ] [8]未定义变量: role_id[E:\www\ajiance_vct\app\admin\controller\Vct.php:158]
---------------------------------------------------------------
[ 2018-01-08T00:05:16+08:00 ] 127.0.0.1 127.0.0.1 GET /index.php/admin/vct/index.html
[ info ] test.vct.com/index.php/admin/vct/index.html [运行时间：0.016001s][吞吐率：62.50req/s] [内存消耗：1,352.72kb] [文件加载：47]
[ info ] [ LANG ] E:\www\ajiance_vct\think\lang\zh-cn.php
[ info ] [ ROUTE ] array (
  'type' => 'module',
  'module' => 
  array (
    0 => 'admin',
    1 => 'vct',
    2 => 'index',
  ),
)
[ info ] [ HEADER ] array (
  'cookie' => 'skin=0; skin=0; PHPSESSID=rbbhuh24f5cjn7el16b8rusre2',
  'accept-language' => 'zh-CN,zh;q=0.8,en;q=0.6',
  'accept-encoding' => 'gzip, deflate, sdch',
  'referer' => 'http://test.vct.com/index.php/admin/vct/add.html',
  'accept' => 'text/html,application/xhtml+xml,application/xml;q=0.9,image/webp,*/*;q=0.8',
  'user-agent' => 'Mozilla/5.0 (Windows NT 6.1; WOW64) AppleWebKit/537.36 (KHTML, like Gecko) Chrome/55.0.2883.87 Safari/537.36',
  'upgrade-insecure-requests' => '1',
  'connection' => 'close',
  'host' => 'test.vct.com',
)
[ info ] [ PARAM ] array (
)
[ info ] [ LANG ] E:\www\ajiance_vct/app/admin\lang\zh-cn.php
[ info ] [ SESSION ] INIT array (
  'id' => '',
  'var_session_id' => '',
  'prefix' => 'think',
  'type' => '',
  'auto_start' => true,
)
[ info ] [ RUN ] app\admin\controller\Vct->index[ E:\www\ajiance_vct\app\admin\controller\Vct.php ]
[ info ] [ VIEW ] E:\www\ajiance_vct/app/admin\view\vct\index.html [ array (
) ]
[ info ] [ LOG ] INIT File
---------------------------------------------------------------
[ 2018-01-08T00:05:16+08:00 ] 127.0.0.1 127.0.0.1 POST /index.php/admin/vct/index.html
[ info ] test.vct.com/index.php/admin/vct/index.html [运行时间：0.334019s][吞吐率：2.99req/s] [内存消耗：2,026.07kb] [文件加载：56]
[ info ] [ LANG ] E:\www\ajiance_vct\think\lang\zh-cn.php
[ info ] [ ROUTE ] array (
  'type' => 'module',
  'module' => 
  array (
    0 => 'admin',
    1 => 'vct',
    2 => 'index',
  ),
)
[ info ] [ HEADER ] array (
  'cookie' => 'skin=0; skin=0; PHPSESSID=rbbhuh24f5cjn7el16b8rusre2',
  'accept-language' => 'zh-CN,zh;q=0.8,en;q=0.6',
  'accept-encoding' => 'gzip, deflate',
  'referer' => 'http://test.vct.com/index.php/admin/vct/index.html',
  'content-type' => 'application/x-www-form-urlencoded; charset=UTF-8',
  'user-agent' => 'Mozilla/5.0 (Windows NT 6.1; WOW64) AppleWebKit/537.36 (KHTML, like Gecko) Chrome/55.0.2883.87 Safari/537.36',
  'x-requested-with' => 'XMLHttpRequest',
  'origin' => 'http://test.vct.com',
  'accept' => 'application/json, text/javascript, */*; q=0.01',
  'content-length' => '15',
  'connection' => 'close',
  'host' => 'test.vct.com',
)
[ info ] [ PARAM ] array (
  'page' => '1',
  'limit' => '10',
)
[ info ] [ LANG ] E:\www\ajiance_vct/app/admin\lang\zh-cn.php
[ info ] [ SESSION ] INIT array (
  'id' => '',
  'var_session_id' => '',
  'prefix' => 'think',
  'type' => '',
  'auto_start' => true,
)
[ info ] [ RUN ] app\admin\controller\Vct->index[ E:\www\ajiance_vct\app\admin\controller\Vct.php ]
[ info ] [ DB ] INIT mysql
[ info ] [ LOG ] INIT File
[ sql ] [ DB ] CONNECT:[ UseTime:0.104006s ] mysql:dbname=qingcai_vct;host=123.56.90.223;port=3306;charset=utf8
[ sql ] [ SQL ] SHOW COLUMNS FROM `clt_vct` [ RunTime:0.070004s ]
[ sql ] [ SQL ] SELECT COUNT(*) AS tp_count FROM `clt_vct` `a` LEFT JOIN `clt_role` `b` ON `a`.`role_id`=`b`.`id` INNER JOIN `clt_admin` `c` ON `a`.`aid`=`c`.`admin_id` WHERE  ( `a`.`username` LIKE '%%' OR `a`.`idcard` LIKE '%%' OR `a`.`phone` LIKE '%%' OR `a`.`address` LIKE '%%' OR `a`.`jiance_bianhao` LIKE '%%' OR `a`.`gift` LIKE '%%' ) LIMIT 1 [ RunTime:0.067004s ]
[ sql ] [ SQL ] SELECT `a`.*,b.name as zixundian,c.username as admin_name FROM `clt_vct` `a` LEFT JOIN `clt_role` `b` ON `a`.`role_id`=`b`.`id` INNER JOIN `clt_admin` `c` ON `a`.`aid`=`c`.`admin_id` WHERE  ( `a`.`username` LIKE '%%' OR `a`.`idcard` LIKE '%%' OR `a`.`phone` LIKE '%%' OR `a`.`address` LIKE '%%' OR `a`.`jiance_bianhao` LIKE '%%' OR `a`.`gift` LIKE '%%' ) ORDER BY a.addtime desc LIMIT 0,10 [ RunTime:0.069004s ]
